#
# A fatal error has been detected by the Java Runtime Environment:
#
#  Internal Error (javaClasses.cpp:129), pid=4915, tid=139686636181248
#  fatal error: Invalid layout of preloaded class
#
# JRE version: 6.0_31-b31
# Java VM: OpenJDK 64-Bit Server VM (23.25-b01 mixed mode linux-amd64 compressed oops)
# Failed to write core dump. Core dumps have been disabled. To enable core dumping, try "ulimit -c unlimited" before starting Java again
#
# If you would like to submit a bug report, please include
# instructions how to reproduce the bug and visit:
#   http://icedtea.classpath.org/bugzilla
#

---------------  T H R E A D  ---------------

Current thread (0x000000000138d800):  JavaThread "Unknown thread" [_thread_in_vm, id=4921, stack(0x00007f0b54445000,0x00007f0b54546000)]

Stack: [0x00007f0b54445000,0x00007f0b54546000],  sp=0x00007f0b54544a00,  free space=1022k
Native frames: (J=compiled Java code, j=interpreted, Vv=VM code, C=native code)
V  [libjvm.so+0x84db6b]  VMError::report_and_die()+0x16b
V  [libjvm.so+0x3ebd87]  report_fatal(char const*, int, char const*)+0x57
V  [libjvm.so+0x527a0a]  compute_offset(int&, klassOopDesc*, Symbol*, Symbol*, bool) [clone .constprop.123]+0x11a
V  [libjvm.so+0x527c76]  java_lang_String::compute_offsets()+0x36
V  [libjvm.so+0x7db63d]  SystemDictionary::initialize_preloaded_classes(Thread*)+0x3d
V  [libjvm.so+0x827638]  Universe::genesis(Thread*)+0x468
V  [libjvm.so+0x827aef]  universe2_init()+0x1f
V  [libjvm.so+0x4dca9a]  init_globals()+0x9a
V  [libjvm.so+0x80b90c]  Threads::create_vm(JavaVMInitArgs*, bool*)+0x39c
V  [libjvm.so+0x5443a8]  JNI_CreateJavaVM+0x58
C  [java+0x351d]  JavaMain+0x7d


---------------  P R O C E S S  ---------------

Java Threads: ( => current thread )

Other Threads:

=>0x000000000138d800 (exited) JavaThread "Unknown thread" [_thread_in_vm, id=4921, stack(0x00007f0b54445000,0x00007f0b54546000)]

VM state:not at safepoint (not fully initialized)

VM Mutex/Monitor currently owned by a thread: None

GC Heap History (0 events):
No events

Deoptimization events (0 events):
No events

Internal exceptions (0 events):
No events

Events (10 events):
Event: 0.013 loading class 0x00000000013abea0 done
Event: 0.013 loading class 0x00000000013ab740 done
Event: 0.013 loading class 0x00000000013ab710
Event: 0.013 loading class 0x00000000013f3b90
Event: 0.013 loading class 0x00000000013f3b90 done
Event: 0.013 loading class 0x00000000013f3bd0
Event: 0.013 loading class 0x00000000013f3bd0 done
Event: 0.013 loading class 0x00000000013f3c10
Event: 0.013 loading class 0x00000000013f3c10 done
Event: 0.014 loading class 0x00000000013ab710 done


Dynamic libraries:
00400000-00409000 r-xp 00000000 08:01 1053779                            /usr/lib/jvm/java-6-openjdk-amd64/jre/bin/java
00608000-00609000 rw-p 00008000 08:01 1053779                            /usr/lib/jvm/java-6-openjdk-amd64/jre/bin/java
0137f000-01403000 rw-p 00000000 00:00 0                                  [heap]
c6a00000-c7ec0000 rw-p 00000000 00:00 0 
c7ec0000-d1000000 rw-p 00000000 00:00 0 
d1000000-d2f60000 rw-p 00000000 00:00 0 
d2f60000-f0560000 rw-p 00000000 00:00 0 
f0560000-f1500000 rw-p 00000000 00:00 0 
f1500000-100000000 rw-p 00000000 00:00 0 
7f0b43e38000-7f0b43f01000 rw-p 00000000 00:00 0 
7f0b43f01000-7f0b43fd8000 r--s 013fe000 08:01 795465                     /home/lifenjoy51/Downloads/adt-bundle-linux-x86_64-20140321/sdk/platforms/android-19/android.jar
7f0b43fd8000-7f0b44000000 rw-p 00000000 00:00 0 
7f0b44000000-7f0b44021000 rw-p 00000000 00:00 0 
7f0b44021000-7f0b48000000 ---p 00000000 00:00 0 
7f0b4b2ac000-7f0b4d7cc000 rw-p 00000000 00:00 0 
7f0b4d7cc000-7f0b4d7cd000 ---p 00000000 00:00 0 
7f0b4d7cd000-7f0b4d8cd000 rw-p 00000000 00:00 0 
7f0b4d8cd000-7f0b4d8ce000 ---p 00000000 00:00 0 
7f0b4d8ce000-7f0b4d9d9000 rw-p 00000000 00:00 0 
7f0b4d9d9000-7f0b4da21000 rw-p 00000000 00:00 0 
7f0b4da21000-7f0b4da31000 rw-p 00000000 00:00 0 
7f0b4da31000-7f0b4db1c000 rw-p 00000000 00:00 0 
7f0b4db1c000-7f0b4db27000 rw-p 00000000 00:00 0 
7f0b4db27000-7f0b4db6f000 rw-p 00000000 00:00 0 
7f0b4db6f000-7f0b4db7f000 rw-p 00000000 00:00 0 
7f0b4db7f000-7f0b4dc69000 rw-p 00000000 00:00 0 
7f0b4dc69000-7f0b4dc72000 rw-p 00000000 00:00 0 
7f0b4dc72000-7f0b4dce7000 rw-p 00000000 00:00 0 
7f0b4dce7000-7f0b4dce8000 rw-p 00000000 00:00 0 
7f0b4dce8000-7f0b4df58000 rwxp 00000000 00:00 0 
7f0b4df58000-7f0b50ce8000 rw-p 00000000 00:00 0 
7f0b50ce8000-7f0b50cef000 r-xp 00000000 08:01 1057700                    /usr/lib/jvm/java-6-openjdk-amd64/jre/lib/amd64/libzip.so
7f0b50cef000-7f0b50eee000 ---p 00007000 08:01 1057700                    /usr/lib/jvm/java-6-openjdk-amd64/jre/lib/amd64/libzip.so
7f0b50eee000-7f0b50eef000 rw-p 00006000 08:01 1057700                    /usr/lib/jvm/java-6-openjdk-amd64/jre/lib/amd64/libzip.so
7f0b50eef000-7f0b50efa000 r-xp 00000000 08:01 2491141                    /lib/x86_64-linux-gnu/libnss_files-2.13.so
7f0b50efa000-7f0b510f9000 ---p 0000b000 08:01 2491141                    /lib/x86_64-linux-gnu/libnss_files-2.13.so
7f0b510f9000-7f0b510fa000 r--p 0000a000 08:01 2491141                    /lib/x86_64-linux-gnu/libnss_files-2.13.so
7f0b510fa000-7f0b510fb000 rw-p 0000b000 08:01 2491141                    /lib/x86_64-linux-gnu/libnss_files-2.13.so
7f0b510fb000-7f0b51105000 r-xp 00000000 08:01 2491145                    /lib/x86_64-linux-gnu/libnss_nis-2.13.so
7f0b51105000-7f0b51304000 ---p 0000a000 08:01 2491145                    /lib/x86_64-linux-gnu/libnss_nis-2.13.so
7f0b51304000-7f0b51305000 r--p 00009000 08:01 2491145                    /lib/x86_64-linux-gnu/libnss_nis-2.13.so
7f0b51305000-7f0b51306000 rw-p 0000a000 08:01 2491145                    /lib/x86_64-linux-gnu/libnss_nis-2.13.so
7f0b51306000-7f0b5130d000 r-xp 00000000 08:01 2491137                    /lib/x86_64-linux-gnu/libnss_compat-2.13.so
7f0b5130d000-7f0b5150c000 ---p 00007000 08:01 2491137                    /lib/x86_64-linux-gnu/libnss_compat-2.13.so
7f0b5150c000-7f0b5150d000 r--p 00006000 08:01 2491137                    /lib/x86_64-linux-gnu/libnss_compat-2.13.so
7f0b5150d000-7f0b5150e000 rw-p 00007000 08:01 2491137                    /lib/x86_64-linux-gnu/libnss_compat-2.13.so
7f0b5150e000-7f0b51685000 r--p 00000000 08:01 1184079                    /usr/lib/locale/locale-archive
7f0b51685000-7f0b51688000 r-xp 00000000 08:01 1057692                    /usr/lib/jvm/java-6-openjdk-amd64/jre/lib/amd64/libnpt.so
7f0b51688000-7f0b51887000 ---p 00003000 08:01 1057692                    /usr/lib/jvm/java-6-openjdk-amd64/jre/lib/amd64/libnpt.so
7f0b51887000-7f0b51888000 rw-p 00002000 08:01 1057692                    /usr/lib/jvm/java-6-openjdk-amd64/jre/lib/amd64/libnpt.so
7f0b51888000-7f0b518c2000 r-xp 00000000 08:01 1057689                    /usr/lib/jvm/java-6-openjdk-amd64/jre/lib/amd64/libjdwp.so
7f0b518c2000-7f0b51ac1000 ---p 0003a000 08:01 1057689                    /usr/lib/jvm/java-6-openjdk-amd64/jre/lib/amd64/libjdwp.so
7f0b51ac1000-7f0b51ac2000 rw-p 00039000 08:01 1057689                    /usr/lib/jvm/java-6-openjdk-amd64/jre/lib/amd64/libjdwp.so
7f0b51ac2000-7f0b51ac3000 rw-p 00000000 00:00 0 
7f0b51ac3000-7f0b51ad8000 r-xp 00000000 08:01 2491135                    /lib/x86_64-linux-gnu/libnsl-2.13.so
7f0b51ad8000-7f0b51cd7000 ---p 00015000 08:01 2491135                    /lib/x86_64-linux-gnu/libnsl-2.13.so
7f0b51cd7000-7f0b51cd8000 r--p 00014000 08:01 2491135                    /lib/x86_64-linux-gnu/libnsl-2.13.so
7f0b51cd8000-7f0b51cd9000 rw-p 00015000 08:01 2491135                    /lib/x86_64-linux-gnu/libnsl-2.13.so
7f0b51cd9000-7f0b51cdb000 rw-p 00000000 00:00 0 
7f0b51cdb000-7f0b51d09000 r-xp 00000000 08:01 1057706                    /usr/lib/jvm/java-6-openjdk-amd64/jre/lib/amd64/libjava.so
7f0b51d09000-7f0b51f08000 ---p 0002e000 08:01 1057706                    /usr/lib/jvm/java-6-openjdk-amd64/jre/lib/amd64/libjava.so
7f0b51f08000-7f0b51f0c000 rw-p 0002d000 08:01 1057706                    /usr/lib/jvm/java-6-openjdk-amd64/jre/lib/amd64/libjava.so
7f0b51f0c000-7f0b51f1b000 r-xp 00000000 08:01 1057707                    /usr/lib/jvm/java-6-openjdk-amd64/jre/lib/amd64/libverify.so
7f0b51f1b000-7f0b5211a000 ---p 0000f000 08:01 1057707                    /usr/lib/jvm/java-6-openjdk-amd64/jre/lib/amd64/libverify.so
7f0b5211a000-7f0b5211c000 rw-p 0000e000 08:01 1057707                    /usr/lib/jvm/java-6-openjdk-amd64/jre/lib/amd64/libverify.so
7f0b5211c000-7f0b52123000 r-xp 00000000 08:01 2491178                    /lib/x86_64-linux-gnu/librt-2.13.so
7f0b52123000-7f0b52322000 ---p 00007000 08:01 2491178                    /lib/x86_64-linux-gnu/librt-2.13.so
7f0b52322000-7f0b52323000 r--p 00006000 08:01 2491178                    /lib/x86_64-linux-gnu/librt-2.13.so
7f0b52323000-7f0b52324000 rw-p 00007000 08:01 2491178                    /lib/x86_64-linux-gnu/librt-2.13.so
7f0b52324000-7f0b52339000 r-xp 00000000 08:01 2491093                    /lib/x86_64-linux-gnu/libgcc_s.so.1
7f0b52339000-7f0b52539000 ---p 00015000 08:01 2491093                    /lib/x86_64-linux-gnu/libgcc_s.so.1
7f0b52539000-7f0b5253a000 rw-p 00015000 08:01 2491093                    /lib/x86_64-linux-gnu/libgcc_s.so.1
7f0b5253a000-7f0b525bb000 r-xp 00000000 08:01 2491116                    /lib/x86_64-linux-gnu/libm-2.13.so
7f0b525bb000-7f0b527ba000 ---p 00081000 08:01 2491116                    /lib/x86_64-linux-gnu/libm-2.13.so
7f0b527ba000-7f0b527bb000 r--p 00080000 08:01 2491116                    /lib/x86_64-linux-gnu/libm-2.13.so
7f0b527bb000-7f0b527bc000 rw-p 00081000 08:01 2491116                    /lib/x86_64-linux-gnu/libm-2.13.so
7f0b527bc000-7f0b528a4000 r-xp 00000000 08:01 1316635                    /usr/lib/x86_64-linux-gnu/libstdc++.so.6.0.17
7f0b528a4000-7f0b52aa4000 ---p 000e8000 08:01 1316635                    /usr/lib/x86_64-linux-gnu/libstdc++.so.6.0.17
7f0b52aa4000-7f0b52aac000 r--p 000e8000 08:01 1316635                    /usr/lib/x86_64-linux-gnu/libstdc++.so.6.0.17
7f0b52aac000-7f0b52aae000 rw-p 000f0000 08:01 1316635                    /usr/lib/x86_64-linux-gnu/libstdc++.so.6.0.17
7f0b52aae000-7f0b52ac3000 rw-p 00000000 00:00 0 
7f0b52ac3000-7f0b534b4000 r-xp 00000000 08:01 1057696                    /usr/lib/jvm/java-6-openjdk-amd64/jre/lib/amd64/server/libjvm.so
7f0b534b4000-7f0b536b3000 ---p 009f1000 08:01 1057696                    /usr/lib/jvm/java-6-openjdk-amd64/jre/lib/amd64/server/libjvm.so
7f0b536b3000-7f0b53754000 rw-p 009f0000 08:01 1057696                    /usr/lib/jvm/java-6-openjdk-amd64/jre/lib/amd64/server/libjvm.so
7f0b53754000-7f0b5377f000 rw-p 00000000 00:00 0 
7f0b5377f000-7f0b53901000 r-xp 00000000 08:01 2491069                    /lib/x86_64-linux-gnu/libc-2.13.so
7f0b53901000-7f0b53b00000 ---p 00182000 08:01 2491069                    /lib/x86_64-linux-gnu/libc-2.13.so
7f0b53b00000-7f0b53b04000 r--p 00181000 08:01 2491069                    /lib/x86_64-linux-gnu/libc-2.13.so
7f0b53b04000-7f0b53b05000 rw-p 00185000 08:01 2491069                    /lib/x86_64-linux-gnu/libc-2.13.so
7f0b53b05000-7f0b53b0a000 rw-p 00000000 00:00 0 
7f0b53b0a000-7f0b53b0c000 r-xp 00000000 08:01 2491083                    /lib/x86_64-linux-gnu/libdl-2.13.so
7f0b53b0c000-7f0b53d0c000 ---p 00002000 08:01 2491083                    /lib/x86_64-linux-gnu/libdl-2.13.so
7f0b53d0c000-7f0b53d0d000 r--p 00002000 08:01 2491083                    /lib/x86_64-linux-gnu/libdl-2.13.so
7f0b53d0d000-7f0b53d0e000 rw-p 00003000 08:01 2491083                    /lib/x86_64-linux-gnu/libdl-2.13.so
7f0b53d0e000-7f0b53d12000 r-xp 00000000 08:01 1057698                    /usr/lib/jvm/java-6-openjdk-amd64/jre/lib/amd64/jli/libjli.so
7f0b53d12000-7f0b53f11000 ---p 00004000 08:01 1057698                    /usr/lib/jvm/java-6-openjdk-amd64/jre/lib/amd64/jli/libjli.so
7f0b53f11000-7f0b53f12000 rw-p 00003000 08:01 1057698                    /usr/lib/jvm/java-6-openjdk-amd64/jre/lib/amd64/jli/libjli.so
7f0b53f12000-7f0b53f29000 r-xp 00000000 08:01 2491170                    /lib/x86_64-linux-gnu/libpthread-2.13.so
7f0b53f29000-7f0b54128000 ---p 00017000 08:01 2491170                    /lib/x86_64-linux-gnu/libpthread-2.13.so
7f0b54128000-7f0b54129000 r--p 00016000 08:01 2491170                    /lib/x86_64-linux-gnu/libpthread-2.13.so
7f0b54129000-7f0b5412a000 rw-p 00017000 08:01 2491170                    /lib/x86_64-linux-gnu/libpthread-2.13.so
7f0b5412a000-7f0b5412e000 rw-p 00000000 00:00 0 
7f0b5412e000-7f0b54144000 r-xp 00000000 08:01 2491212                    /lib/x86_64-linux-gnu/libz.so.1.2.7
7f0b54144000-7f0b54343000 ---p 00016000 08:01 2491212                    /lib/x86_64-linux-gnu/libz.so.1.2.7
7f0b54343000-7f0b54344000 r--p 00015000 08:01 2491212                    /lib/x86_64-linux-gnu/libz.so.1.2.7
7f0b54344000-7f0b54345000 rw-p 00016000 08:01 2491212                    /lib/x86_64-linux-gnu/libz.so.1.2.7
7f0b54345000-7f0b54365000 r-xp 00000000 08:01 2491047                    /lib/x86_64-linux-gnu/ld-2.13.so
7f0b54385000-7f0b5438f000 rw-p 00000000 00:00 0 
7f0b5438f000-7f0b54445000 rw-p 00000000 00:00 0 
7f0b54445000-7f0b54448000 ---p 00000000 00:00 0 
7f0b54448000-7f0b5454b000 rw-p 00000000 00:00 0 
7f0b54557000-7f0b54558000 rw-p 00000000 00:00 0 
7f0b54558000-7f0b54560000 rw-s 00000000 08:01 920806                     /tmp/hsperfdata_lifenjoy51/4915
7f0b54560000-7f0b54561000 rw-p 00000000 00:00 0 
7f0b54561000-7f0b54562000 r--p 00000000 00:00 0 
7f0b54562000-7f0b54564000 rw-p 00000000 00:00 0 
7f0b54564000-7f0b54565000 r--p 0001f000 08:01 2491047                    /lib/x86_64-linux-gnu/ld-2.13.so
7f0b54565000-7f0b54566000 rw-p 00020000 08:01 2491047                    /lib/x86_64-linux-gnu/ld-2.13.so
7f0b54566000-7f0b54567000 rw-p 00000000 00:00 0 
7fff0668c000-7fff066ad000 rw-p 00000000 00:00 0                          [stack]
7fff066df000-7fff066e0000 r-xp 00000000 00:00 0                          [vdso]
ffffffffff600000-ffffffffff601000 r-xp 00000000 00:00 0                  [vsyscall]

VM Arguments:
jvm_args: -agentlib:jdwp=transport=dt_socket,suspend=y,address=localhost:45645 -Dfile.encoding=UTF-8 -Xbootclasspath:/home/lifenjoy51/Downloads/adt-bundle-linux-x86_64-20140321/sdk/platforms/android-19/android.jar 
java_command: com.nexters.godofmemo.object.Color
Launcher Type: SUN_STANDARD

Environment Variables:
PATH=/usr/local/bin:/usr/bin:/bin:/usr/local/games:/usr/games
USERNAME=lifenjoy51
LD_LIBRARY_PATH=/usr/lib/jvm/java-6-openjdk-amd64/jre/lib/amd64/server:/usr/lib/jvm/java-6-openjdk-amd64/jre/lib/amd64:/usr/lib/jvm/java-6-openjdk-amd64/jre/../lib/amd64
SHELL=/bin/bash
DISPLAY=:0.0

Signal Handlers:
SIGSEGV: [libjvm.so+0x84e640], sa_mask[0]=0x7ffbfeff, sa_flags=0x10000004
SIGBUS: [libjvm.so+0x84e640], sa_mask[0]=0x7ffbfeff, sa_flags=0x10000004
SIGFPE: [libjvm.so+0x6f1a20], sa_mask[0]=0x7ffbfeff, sa_flags=0x10000004
SIGPIPE: [libjvm.so+0x6f1a20], sa_mask[0]=0x7ffbfeff, sa_flags=0x10000004
SIGXFSZ: [libjvm.so+0x6f1a20], sa_mask[0]=0x7ffbfeff, sa_flags=0x10000004
SIGILL: [libjvm.so+0x6f1a20], sa_mask[0]=0x7ffbfeff, sa_flags=0x10000004
SIGUSR1: SIG_DFL, sa_mask[0]=0x00000000, sa_flags=0x00000000
SIGUSR2: [libjvm.so+0x6f1dd0], sa_mask[0]=0x00000004, sa_flags=0x10000004
SIGHUP: SIG_DFL, sa_mask[0]=0x00000000, sa_flags=0x00000000
SIGINT: SIG_DFL, sa_mask[0]=0x00000000, sa_flags=0x00000000
SIGTERM: SIG_DFL, sa_mask[0]=0x00000000, sa_flags=0x00000000
SIGQUIT: SIG_DFL, sa_mask[0]=0x00000000, sa_flags=0x00000000


---------------  S Y S T E M  ---------------

OS:7.5

uname:Linux 3.2.0-4-amd64 #1 SMP Debian 3.2.57-3 x86_64
libc:glibc 2.13 NPTL 2.13 
rlimit: STACK 8192k, CORE 0k, NPROC 23955, NOFILE 4096, AS infinity
load average:0.26 0.40 0.38

/proc/meminfo:
MemTotal:        3078728 kB
MemFree:          555788 kB
Buffers:           48188 kB
Cached:           750744 kB
SwapCached:            0 kB
Active:          1826892 kB
Inactive:         496920 kB
Active(anon):    1525628 kB
Inactive(anon):     4656 kB
Active(file):     301264 kB
Inactive(file):   492264 kB
Unevictable:          40 kB
Mlocked:              40 kB
SwapTotal:       2579452 kB
SwapFree:        2579452 kB
Dirty:                48 kB
Writeback:             0 kB
AnonPages:       1525148 kB
Mapped:           181736 kB
Shmem:              5312 kB
Slab:              68620 kB
SReclaimable:      41836 kB
SUnreclaim:        26784 kB
KernelStack:        3384 kB
PageTables:        25828 kB
NFS_Unstable:          0 kB
Bounce:                0 kB
WritebackTmp:          0 kB
CommitLimit:     4118816 kB
Committed_AS:    3450488 kB
VmallocTotal:   34359738367 kB
VmallocUsed:       93600 kB
VmallocChunk:   34359631888 kB
HardwareCorrupted:     0 kB
AnonHugePages:         0 kB
HugePages_Total:       0
HugePages_Free:        0
HugePages_Rsvd:        0
HugePages_Surp:        0
Hugepagesize:       2048 kB
DirectMap4k:      153280 kB
DirectMap2M:     2975744 kB


CPU:total 2 (2 cores per cpu, 1 threads per core) family 6 model 23 stepping 6, cmov, cx8, fxsr, mmx, sse, sse2, sse3, ssse3, sse4.1, tsc

/proc/cpuinfo:
processor	: 0
vendor_id	: GenuineIntel
cpu family	: 6
model		: 23
model name	: Intel(R) Core(TM)2 Duo CPU     T9300  @ 2.50GHz
stepping	: 6
microcode	: 0x60c
cpu MHz		: 2501.000
cache size	: 6144 KB
physical id	: 0
siblings	: 2
core id		: 0
cpu cores	: 2
apicid		: 0
initial apicid	: 0
fpu		: yes
fpu_exception	: yes
cpuid level	: 10
wp		: yes
flags		: fpu vme de pse tsc msr pae mce cx8 apic sep mtrr pge mca cmov pat pse36 clflush dts acpi mmx fxsr sse sse2 ss ht tm pbe syscall nx lm constant_tsc arch_perfmon pebs bts rep_good nopl aperfmperf pni dtes64 monitor ds_cpl vmx est tm2 ssse3 cx16 xtpr pdcm sse4_1 lahf_lm ida dtherm tpr_shadow vnmi flexpriority
bogomips	: 4987.72
clflush size	: 64
cache_alignment	: 64
address sizes	: 36 bits physical, 48 bits virtual
power management:

processor	: 1
vendor_id	: GenuineIntel
cpu family	: 6
model		: 23
model name	: Intel(R) Core(TM)2 Duo CPU     T9300  @ 2.50GHz
stepping	: 6
microcode	: 0x60c
cpu MHz		: 2501.000
cache size	: 6144 KB
physical id	: 0
siblings	: 2
core id		: 1
cpu cores	: 2
apicid		: 1
initial apicid	: 1
fpu		: yes
fpu_exception	: yes
cpuid level	: 10
wp		: yes
flags		: fpu vme de pse tsc msr pae mce cx8 apic sep mtrr pge mca cmov pat pse36 clflush dts acpi mmx fxsr sse sse2 ss ht tm pbe syscall nx lm constant_tsc arch_perfmon pebs bts rep_good nopl aperfmperf pni dtes64 monitor ds_cpl vmx est tm2 ssse3 cx16 xtpr pdcm sse4_1 lahf_lm ida dtherm tpr_shadow vnmi flexpriority
bogomips	: 4987.44
clflush size	: 64
cache_alignment	: 64
address sizes	: 36 bits physical, 48 bits virtual
power management:



Memory: 4k page, physical 3078728k(555788k free), swap 2579452k(2579452k free)

vm_info: OpenJDK 64-Bit Server VM (23.25-b01) for linux-amd64 JRE (1.6.0_31-b31), built on Apr 24 2014 11:42:30 by "buildd" with gcc 4.7.2

time: Sun Jun 15 15:34:03 2014
elapsed time: 0 seconds

