#
# A fatal error has been detected by the Java Runtime Environment:
#
#  Internal Error (javaClasses.cpp:129), pid=9448, tid=140113781405440
#  fatal error: Invalid layout of preloaded class
#
# JRE version: 6.0_31-b31
# Java VM: OpenJDK 64-Bit Server VM (23.25-b01 mixed mode linux-amd64 compressed oops)
# Failed to write core dump. Core dumps have been disabled. To enable core dumping, try "ulimit -c unlimited" before starting Java again
#
# If you would like to submit a bug report, please include
# instructions how to reproduce the bug and visit:
#   http://icedtea.classpath.org/bugzilla
#

---------------  T H R E A D  ---------------

Current thread (0x0000000000ed2800):  JavaThread "Unknown thread" [_thread_in_vm, id=9453, stack(0x00007f6ec81b3000,0x00007f6ec82b4000)]

Stack: [0x00007f6ec81b3000,0x00007f6ec82b4000],  sp=0x00007f6ec82b2a00,  free space=1022k
Native frames: (J=compiled Java code, j=interpreted, Vv=VM code, C=native code)
V  [libjvm.so+0x84db6b]  VMError::report_and_die()+0x16b
V  [libjvm.so+0x3ebd87]  report_fatal(char const*, int, char const*)+0x57
V  [libjvm.so+0x527a0a]  compute_offset(int&, klassOopDesc*, Symbol*, Symbol*, bool) [clone .constprop.123]+0x11a
V  [libjvm.so+0x527c76]  java_lang_String::compute_offsets()+0x36
V  [libjvm.so+0x7db63d]  SystemDictionary::initialize_preloaded_classes(Thread*)+0x3d
V  [libjvm.so+0x827638]  Universe::genesis(Thread*)+0x468
V  [libjvm.so+0x827aef]  universe2_init()+0x1f
V  [libjvm.so+0x4dca9a]  init_globals()+0x9a
V  [libjvm.so+0x80b90c]  Threads::create_vm(JavaVMInitArgs*, bool*)+0x39c
V  [libjvm.so+0x5443a8]  JNI_CreateJavaVM+0x58
C  [java+0x351d]  JavaMain+0x7d


---------------  P R O C E S S  ---------------

Java Threads: ( => current thread )

Other Threads:

=>0x0000000000ed2800 (exited) JavaThread "Unknown thread" [_thread_in_vm, id=9453, stack(0x00007f6ec81b3000,0x00007f6ec82b4000)]

VM state:not at safepoint (not fully initialized)

VM Mutex/Monitor currently owned by a thread: None

GC Heap History (0 events):
No events

Deoptimization events (0 events):
No events

Internal exceptions (0 events):
No events

Events (10 events):
Event: 0.039 loading class 0x0000000000ef0900 done
Event: 0.039 loading class 0x0000000000ef01a0 done
Event: 0.039 loading class 0x0000000000ef0170
Event: 0.039 loading class 0x0000000000f385f0
Event: 0.039 loading class 0x0000000000f385f0 done
Event: 0.039 loading class 0x0000000000f38630
Event: 0.039 loading class 0x0000000000f38630 done
Event: 0.039 loading class 0x0000000000f38670
Event: 0.039 loading class 0x0000000000f38670 done
Event: 0.045 loading class 0x0000000000ef0170 done


Dynamic libraries:
00400000-00409000 r-xp 00000000 08:01 1053779                            /usr/lib/jvm/java-6-openjdk-amd64/jre/bin/java
00608000-00609000 rw-p 00008000 08:01 1053779                            /usr/lib/jvm/java-6-openjdk-amd64/jre/bin/java
00ec6000-00f43000 rw-p 00000000 00:00 0                                  [heap]
c6a00000-c7ec0000 rw-p 00000000 00:00 0 
c7ec0000-d1000000 rw-p 00000000 00:00 0 
d1000000-d2f60000 rw-p 00000000 00:00 0 
d2f60000-f0560000 rw-p 00000000 00:00 0 
f0560000-f1500000 rw-p 00000000 00:00 0 
f1500000-100000000 rw-p 00000000 00:00 0 
7f6ebf407000-7f6ebf614000 rw-p 00000000 00:00 0 
7f6ebf614000-7f6ebf6eb000 r--s 013fe000 08:01 795465                     /home/lifenjoy51/Downloads/adt-bundle-linux-x86_64-20140321/sdk/platforms/android-19/android.jar
7f6ebf6eb000-7f6ec1aef000 rw-p 00000000 00:00 0 
7f6ec1aef000-7f6ec1af0000 ---p 00000000 00:00 0 
7f6ec1af0000-7f6ec1bf0000 rw-p 00000000 00:00 0 
7f6ec1bf0000-7f6ec1bf1000 ---p 00000000 00:00 0 
7f6ec1bf1000-7f6ec1cfc000 rw-p 00000000 00:00 0 
7f6ec1cfc000-7f6ec1d44000 rw-p 00000000 00:00 0 
7f6ec1d44000-7f6ec1d54000 rw-p 00000000 00:00 0 
7f6ec1d54000-7f6ec1e3f000 rw-p 00000000 00:00 0 
7f6ec1e3f000-7f6ec1e4a000 rw-p 00000000 00:00 0 
7f6ec1e4a000-7f6ec1e92000 rw-p 00000000 00:00 0 
7f6ec1e92000-7f6ec1ea2000 rw-p 00000000 00:00 0 
7f6ec1ea2000-7f6ec1f8c000 rw-p 00000000 00:00 0 
7f6ec1f8c000-7f6ec1f95000 rw-p 00000000 00:00 0 
7f6ec1f95000-7f6ec200a000 rw-p 00000000 00:00 0 
7f6ec200a000-7f6ec200b000 rw-p 00000000 00:00 0 
7f6ec200b000-7f6ec227b000 rwxp 00000000 00:00 0 
7f6ec227b000-7f6ec500b000 rw-p 00000000 00:00 0 
7f6ec500b000-7f6ec5012000 r-xp 00000000 08:01 1057700                    /usr/lib/jvm/java-6-openjdk-amd64/jre/lib/amd64/libzip.so
7f6ec5012000-7f6ec5211000 ---p 00007000 08:01 1057700                    /usr/lib/jvm/java-6-openjdk-amd64/jre/lib/amd64/libzip.so
7f6ec5211000-7f6ec5212000 rw-p 00006000 08:01 1057700                    /usr/lib/jvm/java-6-openjdk-amd64/jre/lib/amd64/libzip.so
7f6ec5212000-7f6ec521d000 r-xp 00000000 08:01 2491141                    /lib/x86_64-linux-gnu/libnss_files-2.13.so
7f6ec521d000-7f6ec541c000 ---p 0000b000 08:01 2491141                    /lib/x86_64-linux-gnu/libnss_files-2.13.so
7f6ec541c000-7f6ec541d000 r--p 0000a000 08:01 2491141                    /lib/x86_64-linux-gnu/libnss_files-2.13.so
7f6ec541d000-7f6ec541e000 rw-p 0000b000 08:01 2491141                    /lib/x86_64-linux-gnu/libnss_files-2.13.so
7f6ec541e000-7f6ec5428000 r-xp 00000000 08:01 2491145                    /lib/x86_64-linux-gnu/libnss_nis-2.13.so
7f6ec5428000-7f6ec5627000 ---p 0000a000 08:01 2491145                    /lib/x86_64-linux-gnu/libnss_nis-2.13.so
7f6ec5627000-7f6ec5628000 r--p 00009000 08:01 2491145                    /lib/x86_64-linux-gnu/libnss_nis-2.13.so
7f6ec5628000-7f6ec5629000 rw-p 0000a000 08:01 2491145                    /lib/x86_64-linux-gnu/libnss_nis-2.13.so
7f6ec5629000-7f6ec5630000 r-xp 00000000 08:01 2491137                    /lib/x86_64-linux-gnu/libnss_compat-2.13.so
7f6ec5630000-7f6ec582f000 ---p 00007000 08:01 2491137                    /lib/x86_64-linux-gnu/libnss_compat-2.13.so
7f6ec582f000-7f6ec5830000 r--p 00006000 08:01 2491137                    /lib/x86_64-linux-gnu/libnss_compat-2.13.so
7f6ec5830000-7f6ec5831000 rw-p 00007000 08:01 2491137                    /lib/x86_64-linux-gnu/libnss_compat-2.13.so
7f6ec5831000-7f6ec5846000 r-xp 00000000 08:01 2491135                    /lib/x86_64-linux-gnu/libnsl-2.13.so
7f6ec5846000-7f6ec5a45000 ---p 00015000 08:01 2491135                    /lib/x86_64-linux-gnu/libnsl-2.13.so
7f6ec5a45000-7f6ec5a46000 r--p 00014000 08:01 2491135                    /lib/x86_64-linux-gnu/libnsl-2.13.so
7f6ec5a46000-7f6ec5a47000 rw-p 00015000 08:01 2491135                    /lib/x86_64-linux-gnu/libnsl-2.13.so
7f6ec5a47000-7f6ec5a49000 rw-p 00000000 00:00 0 
7f6ec5a49000-7f6ec5a77000 r-xp 00000000 08:01 1057706                    /usr/lib/jvm/java-6-openjdk-amd64/jre/lib/amd64/libjava.so
7f6ec5a77000-7f6ec5c76000 ---p 0002e000 08:01 1057706                    /usr/lib/jvm/java-6-openjdk-amd64/jre/lib/amd64/libjava.so
7f6ec5c76000-7f6ec5c7a000 rw-p 0002d000 08:01 1057706                    /usr/lib/jvm/java-6-openjdk-amd64/jre/lib/amd64/libjava.so
7f6ec5c7a000-7f6ec5c89000 r-xp 00000000 08:01 1057707                    /usr/lib/jvm/java-6-openjdk-amd64/jre/lib/amd64/libverify.so
7f6ec5c89000-7f6ec5e88000 ---p 0000f000 08:01 1057707                    /usr/lib/jvm/java-6-openjdk-amd64/jre/lib/amd64/libverify.so
7f6ec5e88000-7f6ec5e8a000 rw-p 0000e000 08:01 1057707                    /usr/lib/jvm/java-6-openjdk-amd64/jre/lib/amd64/libverify.so
7f6ec5e8a000-7f6ec5e91000 r-xp 00000000 08:01 2491178                    /lib/x86_64-linux-gnu/librt-2.13.so
7f6ec5e91000-7f6ec6090000 ---p 00007000 08:01 2491178                    /lib/x86_64-linux-gnu/librt-2.13.so
7f6ec6090000-7f6ec6091000 r--p 00006000 08:01 2491178                    /lib/x86_64-linux-gnu/librt-2.13.so
7f6ec6091000-7f6ec6092000 rw-p 00007000 08:01 2491178                    /lib/x86_64-linux-gnu/librt-2.13.so
7f6ec6092000-7f6ec60a7000 r-xp 00000000 08:01 2491093                    /lib/x86_64-linux-gnu/libgcc_s.so.1
7f6ec60a7000-7f6ec62a7000 ---p 00015000 08:01 2491093                    /lib/x86_64-linux-gnu/libgcc_s.so.1
7f6ec62a7000-7f6ec62a8000 rw-p 00015000 08:01 2491093                    /lib/x86_64-linux-gnu/libgcc_s.so.1
7f6ec62a8000-7f6ec6329000 r-xp 00000000 08:01 2491116                    /lib/x86_64-linux-gnu/libm-2.13.so
7f6ec6329000-7f6ec6528000 ---p 00081000 08:01 2491116                    /lib/x86_64-linux-gnu/libm-2.13.so
7f6ec6528000-7f6ec6529000 r--p 00080000 08:01 2491116                    /lib/x86_64-linux-gnu/libm-2.13.so
7f6ec6529000-7f6ec652a000 rw-p 00081000 08:01 2491116                    /lib/x86_64-linux-gnu/libm-2.13.so
7f6ec652a000-7f6ec6612000 r-xp 00000000 08:01 1316635                    /usr/lib/x86_64-linux-gnu/libstdc++.so.6.0.17
7f6ec6612000-7f6ec6812000 ---p 000e8000 08:01 1316635                    /usr/lib/x86_64-linux-gnu/libstdc++.so.6.0.17
7f6ec6812000-7f6ec681a000 r--p 000e8000 08:01 1316635                    /usr/lib/x86_64-linux-gnu/libstdc++.so.6.0.17
7f6ec681a000-7f6ec681c000 rw-p 000f0000 08:01 1316635                    /usr/lib/x86_64-linux-gnu/libstdc++.so.6.0.17
7f6ec681c000-7f6ec6831000 rw-p 00000000 00:00 0 
7f6ec6831000-7f6ec7222000 r-xp 00000000 08:01 1057696                    /usr/lib/jvm/java-6-openjdk-amd64/jre/lib/amd64/server/libjvm.so
7f6ec7222000-7f6ec7421000 ---p 009f1000 08:01 1057696                    /usr/lib/jvm/java-6-openjdk-amd64/jre/lib/amd64/server/libjvm.so
7f6ec7421000-7f6ec74c2000 rw-p 009f0000 08:01 1057696                    /usr/lib/jvm/java-6-openjdk-amd64/jre/lib/amd64/server/libjvm.so
7f6ec74c2000-7f6ec74ed000 rw-p 00000000 00:00 0 
7f6ec74ed000-7f6ec766f000 r-xp 00000000 08:01 2491069                    /lib/x86_64-linux-gnu/libc-2.13.so
7f6ec766f000-7f6ec786e000 ---p 00182000 08:01 2491069                    /lib/x86_64-linux-gnu/libc-2.13.so
7f6ec786e000-7f6ec7872000 r--p 00181000 08:01 2491069                    /lib/x86_64-linux-gnu/libc-2.13.so
7f6ec7872000-7f6ec7873000 rw-p 00185000 08:01 2491069                    /lib/x86_64-linux-gnu/libc-2.13.so
7f6ec7873000-7f6ec7878000 rw-p 00000000 00:00 0 
7f6ec7878000-7f6ec787a000 r-xp 00000000 08:01 2491083                    /lib/x86_64-linux-gnu/libdl-2.13.so
7f6ec787a000-7f6ec7a7a000 ---p 00002000 08:01 2491083                    /lib/x86_64-linux-gnu/libdl-2.13.so
7f6ec7a7a000-7f6ec7a7b000 r--p 00002000 08:01 2491083                    /lib/x86_64-linux-gnu/libdl-2.13.so
7f6ec7a7b000-7f6ec7a7c000 rw-p 00003000 08:01 2491083                    /lib/x86_64-linux-gnu/libdl-2.13.so
7f6ec7a7c000-7f6ec7a80000 r-xp 00000000 08:01 1057698                    /usr/lib/jvm/java-6-openjdk-amd64/jre/lib/amd64/jli/libjli.so
7f6ec7a80000-7f6ec7c7f000 ---p 00004000 08:01 1057698                    /usr/lib/jvm/java-6-openjdk-amd64/jre/lib/amd64/jli/libjli.so
7f6ec7c7f000-7f6ec7c80000 rw-p 00003000 08:01 1057698                    /usr/lib/jvm/java-6-openjdk-amd64/jre/lib/amd64/jli/libjli.so
7f6ec7c80000-7f6ec7c97000 r-xp 00000000 08:01 2491170                    /lib/x86_64-linux-gnu/libpthread-2.13.so
7f6ec7c97000-7f6ec7e96000 ---p 00017000 08:01 2491170                    /lib/x86_64-linux-gnu/libpthread-2.13.so
7f6ec7e96000-7f6ec7e97000 r--p 00016000 08:01 2491170                    /lib/x86_64-linux-gnu/libpthread-2.13.so
7f6ec7e97000-7f6ec7e98000 rw-p 00017000 08:01 2491170                    /lib/x86_64-linux-gnu/libpthread-2.13.so
7f6ec7e98000-7f6ec7e9c000 rw-p 00000000 00:00 0 
7f6ec7e9c000-7f6ec7eb2000 r-xp 00000000 08:01 2491212                    /lib/x86_64-linux-gnu/libz.so.1.2.7
7f6ec7eb2000-7f6ec80b1000 ---p 00016000 08:01 2491212                    /lib/x86_64-linux-gnu/libz.so.1.2.7
7f6ec80b1000-7f6ec80b2000 r--p 00015000 08:01 2491212                    /lib/x86_64-linux-gnu/libz.so.1.2.7
7f6ec80b2000-7f6ec80b3000 rw-p 00016000 08:01 2491212                    /lib/x86_64-linux-gnu/libz.so.1.2.7
7f6ec80b3000-7f6ec80d3000 r-xp 00000000 08:01 2491047                    /lib/x86_64-linux-gnu/ld-2.13.so
7f6ec80f3000-7f6ec80fd000 rw-p 00000000 00:00 0 
7f6ec80fd000-7f6ec81b3000 rw-p 00000000 00:00 0 
7f6ec81b3000-7f6ec81b6000 ---p 00000000 00:00 0 
7f6ec81b6000-7f6ec82b9000 rw-p 00000000 00:00 0 
7f6ec82c5000-7f6ec82c6000 rw-p 00000000 00:00 0 
7f6ec82c6000-7f6ec82ce000 rw-s 00000000 08:01 920917                     /tmp/hsperfdata_lifenjoy51/9448
7f6ec82ce000-7f6ec82cf000 rw-p 00000000 00:00 0 
7f6ec82cf000-7f6ec82d0000 r--p 00000000 00:00 0 
7f6ec82d0000-7f6ec82d2000 rw-p 00000000 00:00 0 
7f6ec82d2000-7f6ec82d3000 r--p 0001f000 08:01 2491047                    /lib/x86_64-linux-gnu/ld-2.13.so
7f6ec82d3000-7f6ec82d4000 rw-p 00020000 08:01 2491047                    /lib/x86_64-linux-gnu/ld-2.13.so
7f6ec82d4000-7f6ec82d5000 rw-p 00000000 00:00 0 
7fffea5ad000-7fffea5ce000 rw-p 00000000 00:00 0                          [stack]
7fffea5ff000-7fffea600000 r-xp 00000000 00:00 0                          [vdso]
ffffffffff600000-ffffffffff601000 r-xp 00000000 00:00 0                  [vsyscall]

VM Arguments:
jvm_args: -Dfile.encoding=UTF-8 -Xbootclasspath:/home/lifenjoy51/Downloads/adt-bundle-linux-x86_64-20140321/sdk/platforms/android-19/android.jar 
java_command: com.nexters.godofmemo.object.Color
Launcher Type: SUN_STANDARD

Environment Variables:
PATH=/usr/local/bin:/usr/bin:/bin:/usr/local/games:/usr/games
USERNAME=lifenjoy51
LD_LIBRARY_PATH=/usr/lib/jvm/java-6-openjdk-amd64/jre/lib/amd64/server:/usr/lib/jvm/java-6-openjdk-amd64/jre/lib/amd64:/usr/lib/jvm/java-6-openjdk-amd64/jre/../lib/amd64
SHELL=/bin/bash
DISPLAY=:0.0

Signal Handlers:
SIGSEGV: [libjvm.so+0x84e640], sa_mask[0]=0x7ffbfeff, sa_flags=0x10000004
SIGBUS: [libjvm.so+0x84e640], sa_mask[0]=0x7ffbfeff, sa_flags=0x10000004
SIGFPE: [libjvm.so+0x6f1a20], sa_mask[0]=0x7ffbfeff, sa_flags=0x10000004
SIGPIPE: [libjvm.so+0x6f1a20], sa_mask[0]=0x7ffbfeff, sa_flags=0x10000004
SIGXFSZ: [libjvm.so+0x6f1a20], sa_mask[0]=0x7ffbfeff, sa_flags=0x10000004
SIGILL: [libjvm.so+0x6f1a20], sa_mask[0]=0x7ffbfeff, sa_flags=0x10000004
SIGUSR1: SIG_DFL, sa_mask[0]=0x00000000, sa_flags=0x00000000
SIGUSR2: [libjvm.so+0x6f1dd0], sa_mask[0]=0x00000004, sa_flags=0x10000004
SIGHUP: SIG_DFL, sa_mask[0]=0x00000000, sa_flags=0x00000000
SIGINT: SIG_DFL, sa_mask[0]=0x00000000, sa_flags=0x00000000
SIGTERM: SIG_DFL, sa_mask[0]=0x00000000, sa_flags=0x00000000
SIGQUIT: SIG_DFL, sa_mask[0]=0x00000000, sa_flags=0x00000000


---------------  S Y S T E M  ---------------

OS:7.5

uname:Linux 3.2.0-4-amd64 #1 SMP Debian 3.2.57-3 x86_64
libc:glibc 2.13 NPTL 2.13 
rlimit: STACK 8192k, CORE 0k, NPROC 23955, NOFILE 4096, AS infinity
load average:0.38 0.27 0.29

/proc/meminfo:
MemTotal:        3078728 kB
MemFree:           78516 kB
Buffers:           21016 kB
Cached:           491784 kB
SwapCached:         8000 kB
Active:          2047332 kB
Inactive:         693880 kB
Active(anon):    1777816 kB
Inactive(anon):   454548 kB
Active(file):     269516 kB
Inactive(file):   239332 kB
Unevictable:          40 kB
Mlocked:              40 kB
SwapTotal:       2579452 kB
SwapFree:        2527064 kB
Dirty:              2548 kB
Writeback:             0 kB
AnonPages:       2222700 kB
Mapped:           121668 kB
Shmem:              3836 kB
Slab:              70664 kB
SReclaimable:      41608 kB
SUnreclaim:        29056 kB
KernelStack:        3672 kB
PageTables:        29676 kB
NFS_Unstable:          0 kB
Bounce:                0 kB
WritebackTmp:          0 kB
CommitLimit:     4118816 kB
Committed_AS:    4214228 kB
VmallocTotal:   34359738367 kB
VmallocUsed:       93792 kB
VmallocChunk:   34359629788 kB
HardwareCorrupted:     0 kB
AnonHugePages:         0 kB
HugePages_Total:       0
HugePages_Free:        0
HugePages_Rsvd:        0
HugePages_Surp:        0
Hugepagesize:       2048 kB
DirectMap4k:      214720 kB
DirectMap2M:     2914304 kB


CPU:total 2 (2 cores per cpu, 1 threads per core) family 6 model 23 stepping 6, cmov, cx8, fxsr, mmx, sse, sse2, sse3, ssse3, sse4.1, tsc

/proc/cpuinfo:
processor	: 0
vendor_id	: GenuineIntel
cpu family	: 6
model		: 23
model name	: Intel(R) Core(TM)2 Duo CPU     T9300  @ 2.50GHz
stepping	: 6
microcode	: 0x60c
cpu MHz		: 2000.000
cache size	: 6144 KB
physical id	: 0
siblings	: 2
core id		: 0
cpu cores	: 2
apicid		: 0
initial apicid	: 0
fpu		: yes
fpu_exception	: yes
cpuid level	: 10
wp		: yes
flags		: fpu vme de pse tsc msr pae mce cx8 apic sep mtrr pge mca cmov pat pse36 clflush dts acpi mmx fxsr sse sse2 ss ht tm pbe syscall nx lm constant_tsc arch_perfmon pebs bts rep_good nopl aperfmperf pni dtes64 monitor ds_cpl vmx est tm2 ssse3 cx16 xtpr pdcm sse4_1 lahf_lm ida dtherm tpr_shadow vnmi flexpriority
bogomips	: 4987.72
clflush size	: 64
cache_alignment	: 64
address sizes	: 36 bits physical, 48 bits virtual
power management:

processor	: 1
vendor_id	: GenuineIntel
cpu family	: 6
model		: 23
model name	: Intel(R) Core(TM)2 Duo CPU     T9300  @ 2.50GHz
stepping	: 6
microcode	: 0x60c
cpu MHz		: 1200.000
cache size	: 6144 KB
physical id	: 0
siblings	: 2
core id		: 1
cpu cores	: 2
apicid		: 1
initial apicid	: 1
fpu		: yes
fpu_exception	: yes
cpuid level	: 10
wp		: yes
flags		: fpu vme de pse tsc msr pae mce cx8 apic sep mtrr pge mca cmov pat pse36 clflush dts acpi mmx fxsr sse sse2 ss ht tm pbe syscall nx lm constant_tsc arch_perfmon pebs bts rep_good nopl aperfmperf pni dtes64 monitor ds_cpl vmx est tm2 ssse3 cx16 xtpr pdcm sse4_1 lahf_lm ida dtherm tpr_shadow vnmi flexpriority
bogomips	: 4987.44
clflush size	: 64
cache_alignment	: 64
address sizes	: 36 bits physical, 48 bits virtual
power management:



Memory: 4k page, physical 3078728k(78516k free), swap 2579452k(2527064k free)

vm_info: OpenJDK 64-Bit Server VM (23.25-b01) for linux-amd64 JRE (1.6.0_31-b31), built on Apr 24 2014 11:42:30 by "buildd" with gcc 4.7.2

time: Sun Jun 15 18:42:52 2014
elapsed time: 0 seconds

