#
# A fatal error has been detected by the Java Runtime Environment:
#
#  Internal Error (javaClasses.cpp:129), pid=5623, tid=140412159895296
#  fatal error: Invalid layout of preloaded class
#
# JRE version: 6.0_31-b31
# Java VM: OpenJDK 64-Bit Server VM (23.25-b01 mixed mode linux-amd64 compressed oops)
# Failed to write core dump. Core dumps have been disabled. To enable core dumping, try "ulimit -c unlimited" before starting Java again
#
# If you would like to submit a bug report, please include
# instructions how to reproduce the bug and visit:
#   http://icedtea.classpath.org/bugzilla
#

---------------  T H R E A D  ---------------

Current thread (0x0000000001856800):  JavaThread "Unknown thread" [_thread_in_vm, id=5628, stack(0x00007fb440d9a000,0x00007fb440e9b000)]

Stack: [0x00007fb440d9a000,0x00007fb440e9b000],  sp=0x00007fb440e99a00,  free space=1022k
Native frames: (J=compiled Java code, j=interpreted, Vv=VM code, C=native code)
V  [libjvm.so+0x84db6b]  VMError::report_and_die()+0x16b
V  [libjvm.so+0x3ebd87]  report_fatal(char const*, int, char const*)+0x57
V  [libjvm.so+0x527a0a]  compute_offset(int&, klassOopDesc*, Symbol*, Symbol*, bool) [clone .constprop.123]+0x11a
V  [libjvm.so+0x527c76]  java_lang_String::compute_offsets()+0x36
V  [libjvm.so+0x7db63d]  SystemDictionary::initialize_preloaded_classes(Thread*)+0x3d
V  [libjvm.so+0x827638]  Universe::genesis(Thread*)+0x468
V  [libjvm.so+0x827aef]  universe2_init()+0x1f
V  [libjvm.so+0x4dca9a]  init_globals()+0x9a
V  [libjvm.so+0x80b90c]  Threads::create_vm(JavaVMInitArgs*, bool*)+0x39c
V  [libjvm.so+0x5443a8]  JNI_CreateJavaVM+0x58
C  [java+0x351d]  JavaMain+0x7d


---------------  P R O C E S S  ---------------

Java Threads: ( => current thread )

Other Threads:

=>0x0000000001856800 (exited) JavaThread "Unknown thread" [_thread_in_vm, id=5628, stack(0x00007fb440d9a000,0x00007fb440e9b000)]

VM state:not at safepoint (not fully initialized)

VM Mutex/Monitor currently owned by a thread: None

GC Heap History (0 events):
No events

Deoptimization events (0 events):
No events

Internal exceptions (0 events):
No events

Events (10 events):
Event: 0.007 loading class 0x0000000001874900 done
Event: 0.007 loading class 0x00000000018741a0 done
Event: 0.007 loading class 0x0000000001874170
Event: 0.007 loading class 0x00000000018bc5f0
Event: 0.007 loading class 0x00000000018bc5f0 done
Event: 0.007 loading class 0x00000000018bc630
Event: 0.007 loading class 0x00000000018bc630 done
Event: 0.007 loading class 0x00000000018bc670
Event: 0.007 loading class 0x00000000018bc670 done
Event: 0.008 loading class 0x0000000001874170 done


Dynamic libraries:
00400000-00409000 r-xp 00000000 08:01 1053779                            /usr/lib/jvm/java-6-openjdk-amd64/jre/bin/java
00608000-00609000 rw-p 00008000 08:01 1053779                            /usr/lib/jvm/java-6-openjdk-amd64/jre/bin/java
0184a000-018c7000 rw-p 00000000 00:00 0                                  [heap]
c6a00000-c7ec0000 rw-p 00000000 00:00 0 
c7ec0000-d1000000 rw-p 00000000 00:00 0 
d1000000-d2f60000 rw-p 00000000 00:00 0 
d2f60000-f0560000 rw-p 00000000 00:00 0 
f0560000-f1500000 rw-p 00000000 00:00 0 
f1500000-100000000 rw-p 00000000 00:00 0 
7fb437fee000-7fb4381fb000 rw-p 00000000 00:00 0 
7fb4381fb000-7fb4382d2000 r--s 013fe000 08:01 795465                     /home/lifenjoy51/Downloads/adt-bundle-linux-x86_64-20140321/sdk/platforms/android-19/android.jar
7fb4382d2000-7fb43a6d6000 rw-p 00000000 00:00 0 
7fb43a6d6000-7fb43a6d7000 ---p 00000000 00:00 0 
7fb43a6d7000-7fb43a7d7000 rw-p 00000000 00:00 0 
7fb43a7d7000-7fb43a7d8000 ---p 00000000 00:00 0 
7fb43a7d8000-7fb43a8e3000 rw-p 00000000 00:00 0 
7fb43a8e3000-7fb43a92b000 rw-p 00000000 00:00 0 
7fb43a92b000-7fb43a93b000 rw-p 00000000 00:00 0 
7fb43a93b000-7fb43aa26000 rw-p 00000000 00:00 0 
7fb43aa26000-7fb43aa31000 rw-p 00000000 00:00 0 
7fb43aa31000-7fb43aa79000 rw-p 00000000 00:00 0 
7fb43aa79000-7fb43aa89000 rw-p 00000000 00:00 0 
7fb43aa89000-7fb43ab73000 rw-p 00000000 00:00 0 
7fb43ab73000-7fb43ab7c000 rw-p 00000000 00:00 0 
7fb43ab7c000-7fb43abf1000 rw-p 00000000 00:00 0 
7fb43abf1000-7fb43abf2000 rw-p 00000000 00:00 0 
7fb43abf2000-7fb43ae62000 rwxp 00000000 00:00 0 
7fb43ae62000-7fb43dbf2000 rw-p 00000000 00:00 0 
7fb43dbf2000-7fb43dbf9000 r-xp 00000000 08:01 1057700                    /usr/lib/jvm/java-6-openjdk-amd64/jre/lib/amd64/libzip.so
7fb43dbf9000-7fb43ddf8000 ---p 00007000 08:01 1057700                    /usr/lib/jvm/java-6-openjdk-amd64/jre/lib/amd64/libzip.so
7fb43ddf8000-7fb43ddf9000 rw-p 00006000 08:01 1057700                    /usr/lib/jvm/java-6-openjdk-amd64/jre/lib/amd64/libzip.so
7fb43ddf9000-7fb43de04000 r-xp 00000000 08:01 2491141                    /lib/x86_64-linux-gnu/libnss_files-2.13.so
7fb43de04000-7fb43e003000 ---p 0000b000 08:01 2491141                    /lib/x86_64-linux-gnu/libnss_files-2.13.so
7fb43e003000-7fb43e004000 r--p 0000a000 08:01 2491141                    /lib/x86_64-linux-gnu/libnss_files-2.13.so
7fb43e004000-7fb43e005000 rw-p 0000b000 08:01 2491141                    /lib/x86_64-linux-gnu/libnss_files-2.13.so
7fb43e005000-7fb43e00f000 r-xp 00000000 08:01 2491145                    /lib/x86_64-linux-gnu/libnss_nis-2.13.so
7fb43e00f000-7fb43e20e000 ---p 0000a000 08:01 2491145                    /lib/x86_64-linux-gnu/libnss_nis-2.13.so
7fb43e20e000-7fb43e20f000 r--p 00009000 08:01 2491145                    /lib/x86_64-linux-gnu/libnss_nis-2.13.so
7fb43e20f000-7fb43e210000 rw-p 0000a000 08:01 2491145                    /lib/x86_64-linux-gnu/libnss_nis-2.13.so
7fb43e210000-7fb43e217000 r-xp 00000000 08:01 2491137                    /lib/x86_64-linux-gnu/libnss_compat-2.13.so
7fb43e217000-7fb43e416000 ---p 00007000 08:01 2491137                    /lib/x86_64-linux-gnu/libnss_compat-2.13.so
7fb43e416000-7fb43e417000 r--p 00006000 08:01 2491137                    /lib/x86_64-linux-gnu/libnss_compat-2.13.so
7fb43e417000-7fb43e418000 rw-p 00007000 08:01 2491137                    /lib/x86_64-linux-gnu/libnss_compat-2.13.so
7fb43e418000-7fb43e42d000 r-xp 00000000 08:01 2491135                    /lib/x86_64-linux-gnu/libnsl-2.13.so
7fb43e42d000-7fb43e62c000 ---p 00015000 08:01 2491135                    /lib/x86_64-linux-gnu/libnsl-2.13.so
7fb43e62c000-7fb43e62d000 r--p 00014000 08:01 2491135                    /lib/x86_64-linux-gnu/libnsl-2.13.so
7fb43e62d000-7fb43e62e000 rw-p 00015000 08:01 2491135                    /lib/x86_64-linux-gnu/libnsl-2.13.so
7fb43e62e000-7fb43e630000 rw-p 00000000 00:00 0 
7fb43e630000-7fb43e65e000 r-xp 00000000 08:01 1057706                    /usr/lib/jvm/java-6-openjdk-amd64/jre/lib/amd64/libjava.so
7fb43e65e000-7fb43e85d000 ---p 0002e000 08:01 1057706                    /usr/lib/jvm/java-6-openjdk-amd64/jre/lib/amd64/libjava.so
7fb43e85d000-7fb43e861000 rw-p 0002d000 08:01 1057706                    /usr/lib/jvm/java-6-openjdk-amd64/jre/lib/amd64/libjava.so
7fb43e861000-7fb43e870000 r-xp 00000000 08:01 1057707                    /usr/lib/jvm/java-6-openjdk-amd64/jre/lib/amd64/libverify.so
7fb43e870000-7fb43ea6f000 ---p 0000f000 08:01 1057707                    /usr/lib/jvm/java-6-openjdk-amd64/jre/lib/amd64/libverify.so
7fb43ea6f000-7fb43ea71000 rw-p 0000e000 08:01 1057707                    /usr/lib/jvm/java-6-openjdk-amd64/jre/lib/amd64/libverify.so
7fb43ea71000-7fb43ea78000 r-xp 00000000 08:01 2491178                    /lib/x86_64-linux-gnu/librt-2.13.so
7fb43ea78000-7fb43ec77000 ---p 00007000 08:01 2491178                    /lib/x86_64-linux-gnu/librt-2.13.so
7fb43ec77000-7fb43ec78000 r--p 00006000 08:01 2491178                    /lib/x86_64-linux-gnu/librt-2.13.so
7fb43ec78000-7fb43ec79000 rw-p 00007000 08:01 2491178                    /lib/x86_64-linux-gnu/librt-2.13.so
7fb43ec79000-7fb43ec8e000 r-xp 00000000 08:01 2491093                    /lib/x86_64-linux-gnu/libgcc_s.so.1
7fb43ec8e000-7fb43ee8e000 ---p 00015000 08:01 2491093                    /lib/x86_64-linux-gnu/libgcc_s.so.1
7fb43ee8e000-7fb43ee8f000 rw-p 00015000 08:01 2491093                    /lib/x86_64-linux-gnu/libgcc_s.so.1
7fb43ee8f000-7fb43ef10000 r-xp 00000000 08:01 2491116                    /lib/x86_64-linux-gnu/libm-2.13.so
7fb43ef10000-7fb43f10f000 ---p 00081000 08:01 2491116                    /lib/x86_64-linux-gnu/libm-2.13.so
7fb43f10f000-7fb43f110000 r--p 00080000 08:01 2491116                    /lib/x86_64-linux-gnu/libm-2.13.so
7fb43f110000-7fb43f111000 rw-p 00081000 08:01 2491116                    /lib/x86_64-linux-gnu/libm-2.13.so
7fb43f111000-7fb43f1f9000 r-xp 00000000 08:01 1316635                    /usr/lib/x86_64-linux-gnu/libstdc++.so.6.0.17
7fb43f1f9000-7fb43f3f9000 ---p 000e8000 08:01 1316635                    /usr/lib/x86_64-linux-gnu/libstdc++.so.6.0.17
7fb43f3f9000-7fb43f401000 r--p 000e8000 08:01 1316635                    /usr/lib/x86_64-linux-gnu/libstdc++.so.6.0.17
7fb43f401000-7fb43f403000 rw-p 000f0000 08:01 1316635                    /usr/lib/x86_64-linux-gnu/libstdc++.so.6.0.17
7fb43f403000-7fb43f418000 rw-p 00000000 00:00 0 
7fb43f418000-7fb43fe09000 r-xp 00000000 08:01 1057696                    /usr/lib/jvm/java-6-openjdk-amd64/jre/lib/amd64/server/libjvm.so
7fb43fe09000-7fb440008000 ---p 009f1000 08:01 1057696                    /usr/lib/jvm/java-6-openjdk-amd64/jre/lib/amd64/server/libjvm.so
7fb440008000-7fb4400a9000 rw-p 009f0000 08:01 1057696                    /usr/lib/jvm/java-6-openjdk-amd64/jre/lib/amd64/server/libjvm.so
7fb4400a9000-7fb4400d4000 rw-p 00000000 00:00 0 
7fb4400d4000-7fb440256000 r-xp 00000000 08:01 2491069                    /lib/x86_64-linux-gnu/libc-2.13.so
7fb440256000-7fb440455000 ---p 00182000 08:01 2491069                    /lib/x86_64-linux-gnu/libc-2.13.so
7fb440455000-7fb440459000 r--p 00181000 08:01 2491069                    /lib/x86_64-linux-gnu/libc-2.13.so
7fb440459000-7fb44045a000 rw-p 00185000 08:01 2491069                    /lib/x86_64-linux-gnu/libc-2.13.so
7fb44045a000-7fb44045f000 rw-p 00000000 00:00 0 
7fb44045f000-7fb440461000 r-xp 00000000 08:01 2491083                    /lib/x86_64-linux-gnu/libdl-2.13.so
7fb440461000-7fb440661000 ---p 00002000 08:01 2491083                    /lib/x86_64-linux-gnu/libdl-2.13.so
7fb440661000-7fb440662000 r--p 00002000 08:01 2491083                    /lib/x86_64-linux-gnu/libdl-2.13.so
7fb440662000-7fb440663000 rw-p 00003000 08:01 2491083                    /lib/x86_64-linux-gnu/libdl-2.13.so
7fb440663000-7fb440667000 r-xp 00000000 08:01 1057698                    /usr/lib/jvm/java-6-openjdk-amd64/jre/lib/amd64/jli/libjli.so
7fb440667000-7fb440866000 ---p 00004000 08:01 1057698                    /usr/lib/jvm/java-6-openjdk-amd64/jre/lib/amd64/jli/libjli.so
7fb440866000-7fb440867000 rw-p 00003000 08:01 1057698                    /usr/lib/jvm/java-6-openjdk-amd64/jre/lib/amd64/jli/libjli.so
7fb440867000-7fb44087e000 r-xp 00000000 08:01 2491170                    /lib/x86_64-linux-gnu/libpthread-2.13.so
7fb44087e000-7fb440a7d000 ---p 00017000 08:01 2491170                    /lib/x86_64-linux-gnu/libpthread-2.13.so
7fb440a7d000-7fb440a7e000 r--p 00016000 08:01 2491170                    /lib/x86_64-linux-gnu/libpthread-2.13.so
7fb440a7e000-7fb440a7f000 rw-p 00017000 08:01 2491170                    /lib/x86_64-linux-gnu/libpthread-2.13.so
7fb440a7f000-7fb440a83000 rw-p 00000000 00:00 0 
7fb440a83000-7fb440a99000 r-xp 00000000 08:01 2491212                    /lib/x86_64-linux-gnu/libz.so.1.2.7
7fb440a99000-7fb440c98000 ---p 00016000 08:01 2491212                    /lib/x86_64-linux-gnu/libz.so.1.2.7
7fb440c98000-7fb440c99000 r--p 00015000 08:01 2491212                    /lib/x86_64-linux-gnu/libz.so.1.2.7
7fb440c99000-7fb440c9a000 rw-p 00016000 08:01 2491212                    /lib/x86_64-linux-gnu/libz.so.1.2.7
7fb440c9a000-7fb440cba000 r-xp 00000000 08:01 2491047                    /lib/x86_64-linux-gnu/ld-2.13.so
7fb440cda000-7fb440ce4000 rw-p 00000000 00:00 0 
7fb440ce4000-7fb440d9a000 rw-p 00000000 00:00 0 
7fb440d9a000-7fb440d9d000 ---p 00000000 00:00 0 
7fb440d9d000-7fb440ea0000 rw-p 00000000 00:00 0 
7fb440eac000-7fb440ead000 rw-p 00000000 00:00 0 
7fb440ead000-7fb440eb5000 rw-s 00000000 08:01 919062                     /tmp/hsperfdata_lifenjoy51/5623
7fb440eb5000-7fb440eb6000 rw-p 00000000 00:00 0 
7fb440eb6000-7fb440eb7000 r--p 00000000 00:00 0 
7fb440eb7000-7fb440eb9000 rw-p 00000000 00:00 0 
7fb440eb9000-7fb440eba000 r--p 0001f000 08:01 2491047                    /lib/x86_64-linux-gnu/ld-2.13.so
7fb440eba000-7fb440ebb000 rw-p 00020000 08:01 2491047                    /lib/x86_64-linux-gnu/ld-2.13.so
7fb440ebb000-7fb440ebc000 rw-p 00000000 00:00 0 
7ffff17fc000-7ffff181d000 rw-p 00000000 00:00 0                          [stack]
7ffff1943000-7ffff1944000 r-xp 00000000 00:00 0                          [vdso]
ffffffffff600000-ffffffffff601000 r-xp 00000000 00:00 0                  [vsyscall]

VM Arguments:
jvm_args: -Dfile.encoding=UTF-8 -Xbootclasspath:/home/lifenjoy51/Downloads/adt-bundle-linux-x86_64-20140321/sdk/platforms/android-19/android.jar 
java_command: com.nexters.godofmemo.object.Color
Launcher Type: SUN_STANDARD

Environment Variables:
PATH=/usr/local/bin:/usr/bin:/bin:/usr/local/games:/usr/games
USERNAME=lifenjoy51
LD_LIBRARY_PATH=/usr/lib/jvm/java-6-openjdk-amd64/jre/lib/amd64/server:/usr/lib/jvm/java-6-openjdk-amd64/jre/lib/amd64:/usr/lib/jvm/java-6-openjdk-amd64/jre/../lib/amd64
SHELL=/bin/bash
DISPLAY=:0.0

Signal Handlers:
SIGSEGV: [libjvm.so+0x84e640], sa_mask[0]=0x7ffbfeff, sa_flags=0x10000004
SIGBUS: [libjvm.so+0x84e640], sa_mask[0]=0x7ffbfeff, sa_flags=0x10000004
SIGFPE: [libjvm.so+0x6f1a20], sa_mask[0]=0x7ffbfeff, sa_flags=0x10000004
SIGPIPE: [libjvm.so+0x6f1a20], sa_mask[0]=0x7ffbfeff, sa_flags=0x10000004
SIGXFSZ: [libjvm.so+0x6f1a20], sa_mask[0]=0x7ffbfeff, sa_flags=0x10000004
SIGILL: [libjvm.so+0x6f1a20], sa_mask[0]=0x7ffbfeff, sa_flags=0x10000004
SIGUSR1: SIG_DFL, sa_mask[0]=0x00000000, sa_flags=0x00000000
SIGUSR2: [libjvm.so+0x6f1dd0], sa_mask[0]=0x00000004, sa_flags=0x10000004
SIGHUP: SIG_DFL, sa_mask[0]=0x00000000, sa_flags=0x00000000
SIGINT: SIG_DFL, sa_mask[0]=0x00000000, sa_flags=0x00000000
SIGTERM: SIG_DFL, sa_mask[0]=0x00000000, sa_flags=0x00000000
SIGQUIT: SIG_DFL, sa_mask[0]=0x00000000, sa_flags=0x00000000


---------------  S Y S T E M  ---------------

OS:7.5

uname:Linux 3.2.0-4-amd64 #1 SMP Debian 3.2.57-3 x86_64
libc:glibc 2.13 NPTL 2.13 
rlimit: STACK 8192k, CORE 0k, NPROC 23955, NOFILE 4096, AS infinity
load average:0.31 0.24 0.24

/proc/meminfo:
MemTotal:        3078728 kB
MemFree:          374848 kB
Buffers:           87448 kB
Cached:           898508 kB
SwapCached:            0 kB
Active:          1813532 kB
Inactive:         667824 kB
Active(anon):    1496236 kB
Inactive(anon):     3208 kB
Active(file):     317296 kB
Inactive(file):   664616 kB
Unevictable:          40 kB
Mlocked:              40 kB
SwapTotal:       2579452 kB
SwapFree:        2579452 kB
Dirty:               300 kB
Writeback:             0 kB
AnonPages:       1495528 kB
Mapped:           247516 kB
Shmem:              4048 kB
Slab:              92088 kB
SReclaimable:      64604 kB
SUnreclaim:        27484 kB
KernelStack:        3336 kB
PageTables:        26976 kB
NFS_Unstable:          0 kB
Bounce:                0 kB
WritebackTmp:          0 kB
CommitLimit:     4118816 kB
Committed_AS:    3701656 kB
VmallocTotal:   34359738367 kB
VmallocUsed:       93560 kB
VmallocChunk:   34359635692 kB
HardwareCorrupted:     0 kB
AnonHugePages:         0 kB
HugePages_Total:       0
HugePages_Free:        0
HugePages_Rsvd:        0
HugePages_Surp:        0
Hugepagesize:       2048 kB
DirectMap4k:      155328 kB
DirectMap2M:     2973696 kB


CPU:total 2 (2 cores per cpu, 1 threads per core) family 6 model 23 stepping 6, cmov, cx8, fxsr, mmx, sse, sse2, sse3, ssse3, sse4.1, tsc

/proc/cpuinfo:
processor	: 0
vendor_id	: GenuineIntel
cpu family	: 6
model		: 23
model name	: Intel(R) Core(TM)2 Duo CPU     T9300  @ 2.50GHz
stepping	: 6
microcode	: 0x60c
cpu MHz		: 2501.000
cache size	: 6144 KB
physical id	: 0
siblings	: 2
core id		: 0
cpu cores	: 2
apicid		: 0
initial apicid	: 0
fpu		: yes
fpu_exception	: yes
cpuid level	: 10
wp		: yes
flags		: fpu vme de pse tsc msr pae mce cx8 apic sep mtrr pge mca cmov pat pse36 clflush dts acpi mmx fxsr sse sse2 ss ht tm pbe syscall nx lm constant_tsc arch_perfmon pebs bts rep_good nopl aperfmperf pni dtes64 monitor ds_cpl vmx est tm2 ssse3 cx16 xtpr pdcm sse4_1 lahf_lm ida dtherm tpr_shadow vnmi flexpriority
bogomips	: 4987.36
clflush size	: 64
cache_alignment	: 64
address sizes	: 36 bits physical, 48 bits virtual
power management:

processor	: 1
vendor_id	: GenuineIntel
cpu family	: 6
model		: 23
model name	: Intel(R) Core(TM)2 Duo CPU     T9300  @ 2.50GHz
stepping	: 6
microcode	: 0x60c
cpu MHz		: 2501.000
cache size	: 6144 KB
physical id	: 0
siblings	: 2
core id		: 1
cpu cores	: 2
apicid		: 1
initial apicid	: 1
fpu		: yes
fpu_exception	: yes
cpuid level	: 10
wp		: yes
flags		: fpu vme de pse tsc msr pae mce cx8 apic sep mtrr pge mca cmov pat pse36 clflush dts acpi mmx fxsr sse sse2 ss ht tm pbe syscall nx lm constant_tsc arch_perfmon pebs bts rep_good nopl aperfmperf pni dtes64 monitor ds_cpl vmx est tm2 ssse3 cx16 xtpr pdcm sse4_1 lahf_lm ida dtherm tpr_shadow vnmi flexpriority
bogomips	: 4987.42
clflush size	: 64
cache_alignment	: 64
address sizes	: 36 bits physical, 48 bits virtual
power management:



Memory: 4k page, physical 3078728k(374848k free), swap 2579452k(2579452k free)

vm_info: OpenJDK 64-Bit Server VM (23.25-b01) for linux-amd64 JRE (1.6.0_31-b31), built on Apr 24 2014 11:42:30 by "buildd" with gcc 4.7.2

time: Sun Jul  6 16:05:16 2014
elapsed time: 0 seconds

