#
# A fatal error has been detected by the Java Runtime Environment:
#
#  Internal Error (javaClasses.cpp:129), pid=4961, tid=139711565825792
#  fatal error: Invalid layout of preloaded class
#
# JRE version: 6.0_31-b31
# Java VM: OpenJDK 64-Bit Server VM (23.25-b01 mixed mode linux-amd64 compressed oops)
# Failed to write core dump. Core dumps have been disabled. To enable core dumping, try "ulimit -c unlimited" before starting Java again
#
# If you would like to submit a bug report, please include
# instructions how to reproduce the bug and visit:
#   http://icedtea.classpath.org/bugzilla
#

---------------  T H R E A D  ---------------

Current thread (0x0000000001302800):  JavaThread "Unknown thread" [_thread_in_vm, id=4963, stack(0x00007f1122308000,0x00007f1122409000)]

Stack: [0x00007f1122308000,0x00007f1122409000],  sp=0x00007f1122407a00,  free space=1022k
Native frames: (J=compiled Java code, j=interpreted, Vv=VM code, C=native code)
V  [libjvm.so+0x84db6b]  VMError::report_and_die()+0x16b
V  [libjvm.so+0x3ebd87]  report_fatal(char const*, int, char const*)+0x57
V  [libjvm.so+0x527a0a]  compute_offset(int&, klassOopDesc*, Symbol*, Symbol*, bool) [clone .constprop.123]+0x11a
V  [libjvm.so+0x527c76]  java_lang_String::compute_offsets()+0x36
V  [libjvm.so+0x7db63d]  SystemDictionary::initialize_preloaded_classes(Thread*)+0x3d
V  [libjvm.so+0x827638]  Universe::genesis(Thread*)+0x468
V  [libjvm.so+0x827aef]  universe2_init()+0x1f
V  [libjvm.so+0x4dca9a]  init_globals()+0x9a
V  [libjvm.so+0x80b90c]  Threads::create_vm(JavaVMInitArgs*, bool*)+0x39c
V  [libjvm.so+0x5443a8]  JNI_CreateJavaVM+0x58
C  [java+0x351d]  JavaMain+0x7d


---------------  P R O C E S S  ---------------

Java Threads: ( => current thread )

Other Threads:

=>0x0000000001302800 (exited) JavaThread "Unknown thread" [_thread_in_vm, id=4963, stack(0x00007f1122308000,0x00007f1122409000)]

VM state:not at safepoint (not fully initialized)

VM Mutex/Monitor currently owned by a thread: None

GC Heap History (0 events):
No events

Deoptimization events (0 events):
No events

Internal exceptions (0 events):
No events

Events (10 events):
Event: 0.023 loading class 0x00000000013208e0 done
Event: 0.023 loading class 0x0000000001320180 done
Event: 0.023 loading class 0x0000000001320150
Event: 0.023 loading class 0x00000000013685d0
Event: 0.023 loading class 0x00000000013685d0 done
Event: 0.023 loading class 0x0000000001368610
Event: 0.023 loading class 0x0000000001368610 done
Event: 0.023 loading class 0x0000000001368650
Event: 0.023 loading class 0x0000000001368650 done
Event: 0.023 loading class 0x0000000001320150 done


Dynamic libraries:
00400000-00409000 r-xp 00000000 08:01 1053779                            /usr/lib/jvm/java-6-openjdk-amd64/jre/bin/java
00608000-00609000 rw-p 00008000 08:01 1053779                            /usr/lib/jvm/java-6-openjdk-amd64/jre/bin/java
012f6000-01373000 rw-p 00000000 00:00 0                                  [heap]
c6a00000-c7ec0000 rw-p 00000000 00:00 0 
c7ec0000-d1000000 rw-p 00000000 00:00 0 
d1000000-d2f60000 rw-p 00000000 00:00 0 
d2f60000-f0560000 rw-p 00000000 00:00 0 
f0560000-f1500000 rw-p 00000000 00:00 0 
f1500000-100000000 rw-p 00000000 00:00 0 
7f111955c000-7f1119769000 rw-p 00000000 00:00 0 
7f1119769000-7f1119840000 r--s 013fe000 08:01 795465                     /home/lifenjoy51/Downloads/adt-bundle-linux-x86_64-20140321/sdk/platforms/android-19/android.jar
7f1119840000-7f111bc44000 rw-p 00000000 00:00 0 
7f111bc44000-7f111bc45000 ---p 00000000 00:00 0 
7f111bc45000-7f111bd45000 rw-p 00000000 00:00 0 
7f111bd45000-7f111bd46000 ---p 00000000 00:00 0 
7f111bd46000-7f111be51000 rw-p 00000000 00:00 0 
7f111be51000-7f111be99000 rw-p 00000000 00:00 0 
7f111be99000-7f111bea9000 rw-p 00000000 00:00 0 
7f111bea9000-7f111bf94000 rw-p 00000000 00:00 0 
7f111bf94000-7f111bf9f000 rw-p 00000000 00:00 0 
7f111bf9f000-7f111bfe7000 rw-p 00000000 00:00 0 
7f111bfe7000-7f111bff7000 rw-p 00000000 00:00 0 
7f111bff7000-7f111c0e1000 rw-p 00000000 00:00 0 
7f111c0e1000-7f111c0ea000 rw-p 00000000 00:00 0 
7f111c0ea000-7f111c15f000 rw-p 00000000 00:00 0 
7f111c15f000-7f111c160000 rw-p 00000000 00:00 0 
7f111c160000-7f111c3d0000 rwxp 00000000 00:00 0 
7f111c3d0000-7f111f160000 rw-p 00000000 00:00 0 
7f111f160000-7f111f167000 r-xp 00000000 08:01 1057700                    /usr/lib/jvm/java-6-openjdk-amd64/jre/lib/amd64/libzip.so
7f111f167000-7f111f366000 ---p 00007000 08:01 1057700                    /usr/lib/jvm/java-6-openjdk-amd64/jre/lib/amd64/libzip.so
7f111f366000-7f111f367000 rw-p 00006000 08:01 1057700                    /usr/lib/jvm/java-6-openjdk-amd64/jre/lib/amd64/libzip.so
7f111f367000-7f111f372000 r-xp 00000000 08:01 2491141                    /lib/x86_64-linux-gnu/libnss_files-2.13.so
7f111f372000-7f111f571000 ---p 0000b000 08:01 2491141                    /lib/x86_64-linux-gnu/libnss_files-2.13.so
7f111f571000-7f111f572000 r--p 0000a000 08:01 2491141                    /lib/x86_64-linux-gnu/libnss_files-2.13.so
7f111f572000-7f111f573000 rw-p 0000b000 08:01 2491141                    /lib/x86_64-linux-gnu/libnss_files-2.13.so
7f111f573000-7f111f57d000 r-xp 00000000 08:01 2491145                    /lib/x86_64-linux-gnu/libnss_nis-2.13.so
7f111f57d000-7f111f77c000 ---p 0000a000 08:01 2491145                    /lib/x86_64-linux-gnu/libnss_nis-2.13.so
7f111f77c000-7f111f77d000 r--p 00009000 08:01 2491145                    /lib/x86_64-linux-gnu/libnss_nis-2.13.so
7f111f77d000-7f111f77e000 rw-p 0000a000 08:01 2491145                    /lib/x86_64-linux-gnu/libnss_nis-2.13.so
7f111f77e000-7f111f785000 r-xp 00000000 08:01 2491137                    /lib/x86_64-linux-gnu/libnss_compat-2.13.so
7f111f785000-7f111f984000 ---p 00007000 08:01 2491137                    /lib/x86_64-linux-gnu/libnss_compat-2.13.so
7f111f984000-7f111f985000 r--p 00006000 08:01 2491137                    /lib/x86_64-linux-gnu/libnss_compat-2.13.so
7f111f985000-7f111f986000 rw-p 00007000 08:01 2491137                    /lib/x86_64-linux-gnu/libnss_compat-2.13.so
7f111f986000-7f111f99b000 r-xp 00000000 08:01 2491135                    /lib/x86_64-linux-gnu/libnsl-2.13.so
7f111f99b000-7f111fb9a000 ---p 00015000 08:01 2491135                    /lib/x86_64-linux-gnu/libnsl-2.13.so
7f111fb9a000-7f111fb9b000 r--p 00014000 08:01 2491135                    /lib/x86_64-linux-gnu/libnsl-2.13.so
7f111fb9b000-7f111fb9c000 rw-p 00015000 08:01 2491135                    /lib/x86_64-linux-gnu/libnsl-2.13.so
7f111fb9c000-7f111fb9e000 rw-p 00000000 00:00 0 
7f111fb9e000-7f111fbcc000 r-xp 00000000 08:01 1057706                    /usr/lib/jvm/java-6-openjdk-amd64/jre/lib/amd64/libjava.so
7f111fbcc000-7f111fdcb000 ---p 0002e000 08:01 1057706                    /usr/lib/jvm/java-6-openjdk-amd64/jre/lib/amd64/libjava.so
7f111fdcb000-7f111fdcf000 rw-p 0002d000 08:01 1057706                    /usr/lib/jvm/java-6-openjdk-amd64/jre/lib/amd64/libjava.so
7f111fdcf000-7f111fdde000 r-xp 00000000 08:01 1057707                    /usr/lib/jvm/java-6-openjdk-amd64/jre/lib/amd64/libverify.so
7f111fdde000-7f111ffdd000 ---p 0000f000 08:01 1057707                    /usr/lib/jvm/java-6-openjdk-amd64/jre/lib/amd64/libverify.so
7f111ffdd000-7f111ffdf000 rw-p 0000e000 08:01 1057707                    /usr/lib/jvm/java-6-openjdk-amd64/jre/lib/amd64/libverify.so
7f111ffdf000-7f111ffe6000 r-xp 00000000 08:01 2491178                    /lib/x86_64-linux-gnu/librt-2.13.so
7f111ffe6000-7f11201e5000 ---p 00007000 08:01 2491178                    /lib/x86_64-linux-gnu/librt-2.13.so
7f11201e5000-7f11201e6000 r--p 00006000 08:01 2491178                    /lib/x86_64-linux-gnu/librt-2.13.so
7f11201e6000-7f11201e7000 rw-p 00007000 08:01 2491178                    /lib/x86_64-linux-gnu/librt-2.13.so
7f11201e7000-7f11201fc000 r-xp 00000000 08:01 2491093                    /lib/x86_64-linux-gnu/libgcc_s.so.1
7f11201fc000-7f11203fc000 ---p 00015000 08:01 2491093                    /lib/x86_64-linux-gnu/libgcc_s.so.1
7f11203fc000-7f11203fd000 rw-p 00015000 08:01 2491093                    /lib/x86_64-linux-gnu/libgcc_s.so.1
7f11203fd000-7f112047e000 r-xp 00000000 08:01 2491116                    /lib/x86_64-linux-gnu/libm-2.13.so
7f112047e000-7f112067d000 ---p 00081000 08:01 2491116                    /lib/x86_64-linux-gnu/libm-2.13.so
7f112067d000-7f112067e000 r--p 00080000 08:01 2491116                    /lib/x86_64-linux-gnu/libm-2.13.so
7f112067e000-7f112067f000 rw-p 00081000 08:01 2491116                    /lib/x86_64-linux-gnu/libm-2.13.so
7f112067f000-7f1120767000 r-xp 00000000 08:01 1316635                    /usr/lib/x86_64-linux-gnu/libstdc++.so.6.0.17
7f1120767000-7f1120967000 ---p 000e8000 08:01 1316635                    /usr/lib/x86_64-linux-gnu/libstdc++.so.6.0.17
7f1120967000-7f112096f000 r--p 000e8000 08:01 1316635                    /usr/lib/x86_64-linux-gnu/libstdc++.so.6.0.17
7f112096f000-7f1120971000 rw-p 000f0000 08:01 1316635                    /usr/lib/x86_64-linux-gnu/libstdc++.so.6.0.17
7f1120971000-7f1120986000 rw-p 00000000 00:00 0 
7f1120986000-7f1121377000 r-xp 00000000 08:01 1057696                    /usr/lib/jvm/java-6-openjdk-amd64/jre/lib/amd64/server/libjvm.so
7f1121377000-7f1121576000 ---p 009f1000 08:01 1057696                    /usr/lib/jvm/java-6-openjdk-amd64/jre/lib/amd64/server/libjvm.so
7f1121576000-7f1121617000 rw-p 009f0000 08:01 1057696                    /usr/lib/jvm/java-6-openjdk-amd64/jre/lib/amd64/server/libjvm.so
7f1121617000-7f1121642000 rw-p 00000000 00:00 0 
7f1121642000-7f11217c4000 r-xp 00000000 08:01 2491069                    /lib/x86_64-linux-gnu/libc-2.13.so
7f11217c4000-7f11219c3000 ---p 00182000 08:01 2491069                    /lib/x86_64-linux-gnu/libc-2.13.so
7f11219c3000-7f11219c7000 r--p 00181000 08:01 2491069                    /lib/x86_64-linux-gnu/libc-2.13.so
7f11219c7000-7f11219c8000 rw-p 00185000 08:01 2491069                    /lib/x86_64-linux-gnu/libc-2.13.so
7f11219c8000-7f11219cd000 rw-p 00000000 00:00 0 
7f11219cd000-7f11219cf000 r-xp 00000000 08:01 2491083                    /lib/x86_64-linux-gnu/libdl-2.13.so
7f11219cf000-7f1121bcf000 ---p 00002000 08:01 2491083                    /lib/x86_64-linux-gnu/libdl-2.13.so
7f1121bcf000-7f1121bd0000 r--p 00002000 08:01 2491083                    /lib/x86_64-linux-gnu/libdl-2.13.so
7f1121bd0000-7f1121bd1000 rw-p 00003000 08:01 2491083                    /lib/x86_64-linux-gnu/libdl-2.13.so
7f1121bd1000-7f1121bd5000 r-xp 00000000 08:01 1057698                    /usr/lib/jvm/java-6-openjdk-amd64/jre/lib/amd64/jli/libjli.so
7f1121bd5000-7f1121dd4000 ---p 00004000 08:01 1057698                    /usr/lib/jvm/java-6-openjdk-amd64/jre/lib/amd64/jli/libjli.so
7f1121dd4000-7f1121dd5000 rw-p 00003000 08:01 1057698                    /usr/lib/jvm/java-6-openjdk-amd64/jre/lib/amd64/jli/libjli.so
7f1121dd5000-7f1121dec000 r-xp 00000000 08:01 2491170                    /lib/x86_64-linux-gnu/libpthread-2.13.so
7f1121dec000-7f1121feb000 ---p 00017000 08:01 2491170                    /lib/x86_64-linux-gnu/libpthread-2.13.so
7f1121feb000-7f1121fec000 r--p 00016000 08:01 2491170                    /lib/x86_64-linux-gnu/libpthread-2.13.so
7f1121fec000-7f1121fed000 rw-p 00017000 08:01 2491170                    /lib/x86_64-linux-gnu/libpthread-2.13.so
7f1121fed000-7f1121ff1000 rw-p 00000000 00:00 0 
7f1121ff1000-7f1122007000 r-xp 00000000 08:01 2491212                    /lib/x86_64-linux-gnu/libz.so.1.2.7
7f1122007000-7f1122206000 ---p 00016000 08:01 2491212                    /lib/x86_64-linux-gnu/libz.so.1.2.7
7f1122206000-7f1122207000 r--p 00015000 08:01 2491212                    /lib/x86_64-linux-gnu/libz.so.1.2.7
7f1122207000-7f1122208000 rw-p 00016000 08:01 2491212                    /lib/x86_64-linux-gnu/libz.so.1.2.7
7f1122208000-7f1122228000 r-xp 00000000 08:01 2491047                    /lib/x86_64-linux-gnu/ld-2.13.so
7f1122248000-7f1122252000 rw-p 00000000 00:00 0 
7f1122252000-7f1122308000 rw-p 00000000 00:00 0 
7f1122308000-7f112230b000 ---p 00000000 00:00 0 
7f112230b000-7f112240e000 rw-p 00000000 00:00 0 
7f112241a000-7f112241b000 rw-p 00000000 00:00 0 
7f112241b000-7f1122423000 rw-s 00000000 08:01 920802                     /tmp/hsperfdata_lifenjoy51/4961
7f1122423000-7f1122424000 rw-p 00000000 00:00 0 
7f1122424000-7f1122425000 r--p 00000000 00:00 0 
7f1122425000-7f1122427000 rw-p 00000000 00:00 0 
7f1122427000-7f1122428000 r--p 0001f000 08:01 2491047                    /lib/x86_64-linux-gnu/ld-2.13.so
7f1122428000-7f1122429000 rw-p 00020000 08:01 2491047                    /lib/x86_64-linux-gnu/ld-2.13.so
7f1122429000-7f112242a000 rw-p 00000000 00:00 0 
7fff0e5b9000-7fff0e5da000 rw-p 00000000 00:00 0                          [stack]
7fff0e5ff000-7fff0e600000 r-xp 00000000 00:00 0                          [vdso]
ffffffffff600000-ffffffffff601000 r-xp 00000000 00:00 0                  [vsyscall]

VM Arguments:
jvm_args: -Dfile.encoding=UTF-8 -Xbootclasspath:/home/lifenjoy51/Downloads/adt-bundle-linux-x86_64-20140321/sdk/platforms/android-19/android.jar 
java_command: com.nexters.godofmemo.object.Color
Launcher Type: SUN_STANDARD

Environment Variables:
PATH=/usr/local/bin:/usr/bin:/bin:/usr/local/games:/usr/games
USERNAME=lifenjoy51
LD_LIBRARY_PATH=/usr/lib/jvm/java-6-openjdk-amd64/jre/lib/amd64/server:/usr/lib/jvm/java-6-openjdk-amd64/jre/lib/amd64:/usr/lib/jvm/java-6-openjdk-amd64/jre/../lib/amd64
SHELL=/bin/bash
DISPLAY=:0.0

Signal Handlers:
SIGSEGV: [libjvm.so+0x84e640], sa_mask[0]=0x7ffbfeff, sa_flags=0x10000004
SIGBUS: [libjvm.so+0x84e640], sa_mask[0]=0x7ffbfeff, sa_flags=0x10000004
SIGFPE: [libjvm.so+0x6f1a20], sa_mask[0]=0x7ffbfeff, sa_flags=0x10000004
SIGPIPE: [libjvm.so+0x6f1a20], sa_mask[0]=0x7ffbfeff, sa_flags=0x10000004
SIGXFSZ: [libjvm.so+0x6f1a20], sa_mask[0]=0x7ffbfeff, sa_flags=0x10000004
SIGILL: [libjvm.so+0x6f1a20], sa_mask[0]=0x7ffbfeff, sa_flags=0x10000004
SIGUSR1: SIG_DFL, sa_mask[0]=0x00000000, sa_flags=0x00000000
SIGUSR2: [libjvm.so+0x6f1dd0], sa_mask[0]=0x00000004, sa_flags=0x10000004
SIGHUP: SIG_DFL, sa_mask[0]=0x00000000, sa_flags=0x00000000
SIGINT: SIG_DFL, sa_mask[0]=0x00000000, sa_flags=0x00000000
SIGTERM: SIG_DFL, sa_mask[0]=0x00000000, sa_flags=0x00000000
SIGQUIT: SIG_DFL, sa_mask[0]=0x00000000, sa_flags=0x00000000


---------------  S Y S T E M  ---------------

OS:7.5

uname:Linux 3.2.0-4-amd64 #1 SMP Debian 3.2.57-3 x86_64
libc:glibc 2.13 NPTL 2.13 
rlimit: STACK 8192k, CORE 0k, NPROC 23955, NOFILE 4096, AS infinity
load average:0.21 0.35 0.37

/proc/meminfo:
MemTotal:        3078728 kB
MemFree:          558288 kB
Buffers:           48296 kB
Cached:           750868 kB
SwapCached:            0 kB
Active:          1824152 kB
Inactive:         497116 kB
Active(anon):    1522756 kB
Inactive(anon):     4656 kB
Active(file):     301396 kB
Inactive(file):   492460 kB
Unevictable:          40 kB
Mlocked:              40 kB
SwapTotal:       2579452 kB
SwapFree:        2579452 kB
Dirty:               276 kB
Writeback:             0 kB
AnonPages:       1522228 kB
Mapped:           181736 kB
Shmem:              5312 kB
Slab:              68548 kB
SReclaimable:      41784 kB
SUnreclaim:        26764 kB
KernelStack:        3400 kB
PageTables:        25840 kB
NFS_Unstable:          0 kB
Bounce:                0 kB
WritebackTmp:          0 kB
CommitLimit:     4118816 kB
Committed_AS:    3463292 kB
VmallocTotal:   34359738367 kB
VmallocUsed:       93600 kB
VmallocChunk:   34359631888 kB
HardwareCorrupted:     0 kB
AnonHugePages:         0 kB
HugePages_Total:       0
HugePages_Free:        0
HugePages_Rsvd:        0
HugePages_Surp:        0
Hugepagesize:       2048 kB
DirectMap4k:      153280 kB
DirectMap2M:     2975744 kB


CPU:total 2 (2 cores per cpu, 1 threads per core) family 6 model 23 stepping 6, cmov, cx8, fxsr, mmx, sse, sse2, sse3, ssse3, sse4.1, tsc

/proc/cpuinfo:
processor	: 0
vendor_id	: GenuineIntel
cpu family	: 6
model		: 23
model name	: Intel(R) Core(TM)2 Duo CPU     T9300  @ 2.50GHz
stepping	: 6
microcode	: 0x60c
cpu MHz		: 2501.000
cache size	: 6144 KB
physical id	: 0
siblings	: 2
core id		: 0
cpu cores	: 2
apicid		: 0
initial apicid	: 0
fpu		: yes
fpu_exception	: yes
cpuid level	: 10
wp		: yes
flags		: fpu vme de pse tsc msr pae mce cx8 apic sep mtrr pge mca cmov pat pse36 clflush dts acpi mmx fxsr sse sse2 ss ht tm pbe syscall nx lm constant_tsc arch_perfmon pebs bts rep_good nopl aperfmperf pni dtes64 monitor ds_cpl vmx est tm2 ssse3 cx16 xtpr pdcm sse4_1 lahf_lm ida dtherm tpr_shadow vnmi flexpriority
bogomips	: 4987.72
clflush size	: 64
cache_alignment	: 64
address sizes	: 36 bits physical, 48 bits virtual
power management:

processor	: 1
vendor_id	: GenuineIntel
cpu family	: 6
model		: 23
model name	: Intel(R) Core(TM)2 Duo CPU     T9300  @ 2.50GHz
stepping	: 6
microcode	: 0x60c
cpu MHz		: 2501.000
cache size	: 6144 KB
physical id	: 0
siblings	: 2
core id		: 1
cpu cores	: 2
apicid		: 1
initial apicid	: 1
fpu		: yes
fpu_exception	: yes
cpuid level	: 10
wp		: yes
flags		: fpu vme de pse tsc msr pae mce cx8 apic sep mtrr pge mca cmov pat pse36 clflush dts acpi mmx fxsr sse sse2 ss ht tm pbe syscall nx lm constant_tsc arch_perfmon pebs bts rep_good nopl aperfmperf pni dtes64 monitor ds_cpl vmx est tm2 ssse3 cx16 xtpr pdcm sse4_1 lahf_lm ida dtherm tpr_shadow vnmi flexpriority
bogomips	: 4987.44
clflush size	: 64
cache_alignment	: 64
address sizes	: 36 bits physical, 48 bits virtual
power management:



Memory: 4k page, physical 3078728k(558288k free), swap 2579452k(2579452k free)

vm_info: OpenJDK 64-Bit Server VM (23.25-b01) for linux-amd64 JRE (1.6.0_31-b31), built on Apr 24 2014 11:42:30 by "buildd" with gcc 4.7.2

time: Sun Jun 15 15:35:04 2014
elapsed time: 0 seconds

