#
# A fatal error has been detected by the Java Runtime Environment:
#
#  Internal Error (javaClasses.cpp:129), pid=5612, tid=140490146199296
#  fatal error: Invalid layout of preloaded class
#
# JRE version: 6.0_31-b31
# Java VM: OpenJDK 64-Bit Server VM (23.25-b01 mixed mode linux-amd64 compressed oops)
# Failed to write core dump. Core dumps have been disabled. To enable core dumping, try "ulimit -c unlimited" before starting Java again
#
# If you would like to submit a bug report, please include
# instructions how to reproduce the bug and visit:
#   http://icedtea.classpath.org/bugzilla
#

---------------  T H R E A D  ---------------

Current thread (0x00000000009ea800):  JavaThread "Unknown thread" [_thread_in_vm, id=5613, stack(0x00007fc669323000,0x00007fc669424000)]

Stack: [0x00007fc669323000,0x00007fc669424000],  sp=0x00007fc669422a00,  free space=1022k
Native frames: (J=compiled Java code, j=interpreted, Vv=VM code, C=native code)
V  [libjvm.so+0x84db6b]  VMError::report_and_die()+0x16b
V  [libjvm.so+0x3ebd87]  report_fatal(char const*, int, char const*)+0x57
V  [libjvm.so+0x527a0a]  compute_offset(int&, klassOopDesc*, Symbol*, Symbol*, bool) [clone .constprop.123]+0x11a
V  [libjvm.so+0x527c76]  java_lang_String::compute_offsets()+0x36
V  [libjvm.so+0x7db63d]  SystemDictionary::initialize_preloaded_classes(Thread*)+0x3d
V  [libjvm.so+0x827638]  Universe::genesis(Thread*)+0x468
V  [libjvm.so+0x827aef]  universe2_init()+0x1f
V  [libjvm.so+0x4dca9a]  init_globals()+0x9a
V  [libjvm.so+0x80b90c]  Threads::create_vm(JavaVMInitArgs*, bool*)+0x39c
V  [libjvm.so+0x5443a8]  JNI_CreateJavaVM+0x58
C  [java+0x351d]  JavaMain+0x7d


---------------  P R O C E S S  ---------------

Java Threads: ( => current thread )

Other Threads:

=>0x00000000009ea800 (exited) JavaThread "Unknown thread" [_thread_in_vm, id=5613, stack(0x00007fc669323000,0x00007fc669424000)]

VM state:not at safepoint (not fully initialized)

VM Mutex/Monitor currently owned by a thread: None

GC Heap History (0 events):
No events

Deoptimization events (0 events):
No events

Internal exceptions (0 events):
No events

Events (10 events):
Event: 0.008 loading class 0x0000000000a08900 done
Event: 0.008 loading class 0x0000000000a081a0 done
Event: 0.008 loading class 0x0000000000a08170
Event: 0.008 loading class 0x0000000000a505f0
Event: 0.008 loading class 0x0000000000a505f0 done
Event: 0.008 loading class 0x0000000000a50630
Event: 0.008 loading class 0x0000000000a50630 done
Event: 0.008 loading class 0x0000000000a50670
Event: 0.008 loading class 0x0000000000a50670 done
Event: 0.008 loading class 0x0000000000a08170 done


Dynamic libraries:
00400000-00409000 r-xp 00000000 08:01 1053779                            /usr/lib/jvm/java-6-openjdk-amd64/jre/bin/java
00608000-00609000 rw-p 00008000 08:01 1053779                            /usr/lib/jvm/java-6-openjdk-amd64/jre/bin/java
009de000-00a5b000 rw-p 00000000 00:00 0                                  [heap]
c6a00000-c7ec0000 rw-p 00000000 00:00 0 
c7ec0000-d1000000 rw-p 00000000 00:00 0 
d1000000-d2f60000 rw-p 00000000 00:00 0 
d2f60000-f0560000 rw-p 00000000 00:00 0 
f0560000-f1500000 rw-p 00000000 00:00 0 
f1500000-100000000 rw-p 00000000 00:00 0 
7fc660577000-7fc660784000 rw-p 00000000 00:00 0 
7fc660784000-7fc66085b000 r--s 013fe000 08:01 795465                     /home/lifenjoy51/Downloads/adt-bundle-linux-x86_64-20140321/sdk/platforms/android-19/android.jar
7fc66085b000-7fc662c5f000 rw-p 00000000 00:00 0 
7fc662c5f000-7fc662c60000 ---p 00000000 00:00 0 
7fc662c60000-7fc662d60000 rw-p 00000000 00:00 0 
7fc662d60000-7fc662d61000 ---p 00000000 00:00 0 
7fc662d61000-7fc662e6c000 rw-p 00000000 00:00 0 
7fc662e6c000-7fc662eb4000 rw-p 00000000 00:00 0 
7fc662eb4000-7fc662ec4000 rw-p 00000000 00:00 0 
7fc662ec4000-7fc662faf000 rw-p 00000000 00:00 0 
7fc662faf000-7fc662fba000 rw-p 00000000 00:00 0 
7fc662fba000-7fc663002000 rw-p 00000000 00:00 0 
7fc663002000-7fc663012000 rw-p 00000000 00:00 0 
7fc663012000-7fc6630fc000 rw-p 00000000 00:00 0 
7fc6630fc000-7fc663105000 rw-p 00000000 00:00 0 
7fc663105000-7fc66317a000 rw-p 00000000 00:00 0 
7fc66317a000-7fc66317b000 rw-p 00000000 00:00 0 
7fc66317b000-7fc6633eb000 rwxp 00000000 00:00 0 
7fc6633eb000-7fc66617b000 rw-p 00000000 00:00 0 
7fc66617b000-7fc666182000 r-xp 00000000 08:01 1057700                    /usr/lib/jvm/java-6-openjdk-amd64/jre/lib/amd64/libzip.so
7fc666182000-7fc666381000 ---p 00007000 08:01 1057700                    /usr/lib/jvm/java-6-openjdk-amd64/jre/lib/amd64/libzip.so
7fc666381000-7fc666382000 rw-p 00006000 08:01 1057700                    /usr/lib/jvm/java-6-openjdk-amd64/jre/lib/amd64/libzip.so
7fc666382000-7fc66638d000 r-xp 00000000 08:01 2491141                    /lib/x86_64-linux-gnu/libnss_files-2.13.so
7fc66638d000-7fc66658c000 ---p 0000b000 08:01 2491141                    /lib/x86_64-linux-gnu/libnss_files-2.13.so
7fc66658c000-7fc66658d000 r--p 0000a000 08:01 2491141                    /lib/x86_64-linux-gnu/libnss_files-2.13.so
7fc66658d000-7fc66658e000 rw-p 0000b000 08:01 2491141                    /lib/x86_64-linux-gnu/libnss_files-2.13.so
7fc66658e000-7fc666598000 r-xp 00000000 08:01 2491145                    /lib/x86_64-linux-gnu/libnss_nis-2.13.so
7fc666598000-7fc666797000 ---p 0000a000 08:01 2491145                    /lib/x86_64-linux-gnu/libnss_nis-2.13.so
7fc666797000-7fc666798000 r--p 00009000 08:01 2491145                    /lib/x86_64-linux-gnu/libnss_nis-2.13.so
7fc666798000-7fc666799000 rw-p 0000a000 08:01 2491145                    /lib/x86_64-linux-gnu/libnss_nis-2.13.so
7fc666799000-7fc6667a0000 r-xp 00000000 08:01 2491137                    /lib/x86_64-linux-gnu/libnss_compat-2.13.so
7fc6667a0000-7fc66699f000 ---p 00007000 08:01 2491137                    /lib/x86_64-linux-gnu/libnss_compat-2.13.so
7fc66699f000-7fc6669a0000 r--p 00006000 08:01 2491137                    /lib/x86_64-linux-gnu/libnss_compat-2.13.so
7fc6669a0000-7fc6669a1000 rw-p 00007000 08:01 2491137                    /lib/x86_64-linux-gnu/libnss_compat-2.13.so
7fc6669a1000-7fc6669b6000 r-xp 00000000 08:01 2491135                    /lib/x86_64-linux-gnu/libnsl-2.13.so
7fc6669b6000-7fc666bb5000 ---p 00015000 08:01 2491135                    /lib/x86_64-linux-gnu/libnsl-2.13.so
7fc666bb5000-7fc666bb6000 r--p 00014000 08:01 2491135                    /lib/x86_64-linux-gnu/libnsl-2.13.so
7fc666bb6000-7fc666bb7000 rw-p 00015000 08:01 2491135                    /lib/x86_64-linux-gnu/libnsl-2.13.so
7fc666bb7000-7fc666bb9000 rw-p 00000000 00:00 0 
7fc666bb9000-7fc666be7000 r-xp 00000000 08:01 1057706                    /usr/lib/jvm/java-6-openjdk-amd64/jre/lib/amd64/libjava.so
7fc666be7000-7fc666de6000 ---p 0002e000 08:01 1057706                    /usr/lib/jvm/java-6-openjdk-amd64/jre/lib/amd64/libjava.so
7fc666de6000-7fc666dea000 rw-p 0002d000 08:01 1057706                    /usr/lib/jvm/java-6-openjdk-amd64/jre/lib/amd64/libjava.so
7fc666dea000-7fc666df9000 r-xp 00000000 08:01 1057707                    /usr/lib/jvm/java-6-openjdk-amd64/jre/lib/amd64/libverify.so
7fc666df9000-7fc666ff8000 ---p 0000f000 08:01 1057707                    /usr/lib/jvm/java-6-openjdk-amd64/jre/lib/amd64/libverify.so
7fc666ff8000-7fc666ffa000 rw-p 0000e000 08:01 1057707                    /usr/lib/jvm/java-6-openjdk-amd64/jre/lib/amd64/libverify.so
7fc666ffa000-7fc667001000 r-xp 00000000 08:01 2491178                    /lib/x86_64-linux-gnu/librt-2.13.so
7fc667001000-7fc667200000 ---p 00007000 08:01 2491178                    /lib/x86_64-linux-gnu/librt-2.13.so
7fc667200000-7fc667201000 r--p 00006000 08:01 2491178                    /lib/x86_64-linux-gnu/librt-2.13.so
7fc667201000-7fc667202000 rw-p 00007000 08:01 2491178                    /lib/x86_64-linux-gnu/librt-2.13.so
7fc667202000-7fc667217000 r-xp 00000000 08:01 2491093                    /lib/x86_64-linux-gnu/libgcc_s.so.1
7fc667217000-7fc667417000 ---p 00015000 08:01 2491093                    /lib/x86_64-linux-gnu/libgcc_s.so.1
7fc667417000-7fc667418000 rw-p 00015000 08:01 2491093                    /lib/x86_64-linux-gnu/libgcc_s.so.1
7fc667418000-7fc667499000 r-xp 00000000 08:01 2491116                    /lib/x86_64-linux-gnu/libm-2.13.so
7fc667499000-7fc667698000 ---p 00081000 08:01 2491116                    /lib/x86_64-linux-gnu/libm-2.13.so
7fc667698000-7fc667699000 r--p 00080000 08:01 2491116                    /lib/x86_64-linux-gnu/libm-2.13.so
7fc667699000-7fc66769a000 rw-p 00081000 08:01 2491116                    /lib/x86_64-linux-gnu/libm-2.13.so
7fc66769a000-7fc667782000 r-xp 00000000 08:01 1316635                    /usr/lib/x86_64-linux-gnu/libstdc++.so.6.0.17
7fc667782000-7fc667982000 ---p 000e8000 08:01 1316635                    /usr/lib/x86_64-linux-gnu/libstdc++.so.6.0.17
7fc667982000-7fc66798a000 r--p 000e8000 08:01 1316635                    /usr/lib/x86_64-linux-gnu/libstdc++.so.6.0.17
7fc66798a000-7fc66798c000 rw-p 000f0000 08:01 1316635                    /usr/lib/x86_64-linux-gnu/libstdc++.so.6.0.17
7fc66798c000-7fc6679a1000 rw-p 00000000 00:00 0 
7fc6679a1000-7fc668392000 r-xp 00000000 08:01 1057696                    /usr/lib/jvm/java-6-openjdk-amd64/jre/lib/amd64/server/libjvm.so
7fc668392000-7fc668591000 ---p 009f1000 08:01 1057696                    /usr/lib/jvm/java-6-openjdk-amd64/jre/lib/amd64/server/libjvm.so
7fc668591000-7fc668632000 rw-p 009f0000 08:01 1057696                    /usr/lib/jvm/java-6-openjdk-amd64/jre/lib/amd64/server/libjvm.so
7fc668632000-7fc66865d000 rw-p 00000000 00:00 0 
7fc66865d000-7fc6687df000 r-xp 00000000 08:01 2491069                    /lib/x86_64-linux-gnu/libc-2.13.so
7fc6687df000-7fc6689de000 ---p 00182000 08:01 2491069                    /lib/x86_64-linux-gnu/libc-2.13.so
7fc6689de000-7fc6689e2000 r--p 00181000 08:01 2491069                    /lib/x86_64-linux-gnu/libc-2.13.so
7fc6689e2000-7fc6689e3000 rw-p 00185000 08:01 2491069                    /lib/x86_64-linux-gnu/libc-2.13.so
7fc6689e3000-7fc6689e8000 rw-p 00000000 00:00 0 
7fc6689e8000-7fc6689ea000 r-xp 00000000 08:01 2491083                    /lib/x86_64-linux-gnu/libdl-2.13.so
7fc6689ea000-7fc668bea000 ---p 00002000 08:01 2491083                    /lib/x86_64-linux-gnu/libdl-2.13.so
7fc668bea000-7fc668beb000 r--p 00002000 08:01 2491083                    /lib/x86_64-linux-gnu/libdl-2.13.so
7fc668beb000-7fc668bec000 rw-p 00003000 08:01 2491083                    /lib/x86_64-linux-gnu/libdl-2.13.so
7fc668bec000-7fc668bf0000 r-xp 00000000 08:01 1057698                    /usr/lib/jvm/java-6-openjdk-amd64/jre/lib/amd64/jli/libjli.so
7fc668bf0000-7fc668def000 ---p 00004000 08:01 1057698                    /usr/lib/jvm/java-6-openjdk-amd64/jre/lib/amd64/jli/libjli.so
7fc668def000-7fc668df0000 rw-p 00003000 08:01 1057698                    /usr/lib/jvm/java-6-openjdk-amd64/jre/lib/amd64/jli/libjli.so
7fc668df0000-7fc668e07000 r-xp 00000000 08:01 2491170                    /lib/x86_64-linux-gnu/libpthread-2.13.so
7fc668e07000-7fc669006000 ---p 00017000 08:01 2491170                    /lib/x86_64-linux-gnu/libpthread-2.13.so
7fc669006000-7fc669007000 r--p 00016000 08:01 2491170                    /lib/x86_64-linux-gnu/libpthread-2.13.so
7fc669007000-7fc669008000 rw-p 00017000 08:01 2491170                    /lib/x86_64-linux-gnu/libpthread-2.13.so
7fc669008000-7fc66900c000 rw-p 00000000 00:00 0 
7fc66900c000-7fc669022000 r-xp 00000000 08:01 2491212                    /lib/x86_64-linux-gnu/libz.so.1.2.7
7fc669022000-7fc669221000 ---p 00016000 08:01 2491212                    /lib/x86_64-linux-gnu/libz.so.1.2.7
7fc669221000-7fc669222000 r--p 00015000 08:01 2491212                    /lib/x86_64-linux-gnu/libz.so.1.2.7
7fc669222000-7fc669223000 rw-p 00016000 08:01 2491212                    /lib/x86_64-linux-gnu/libz.so.1.2.7
7fc669223000-7fc669243000 r-xp 00000000 08:01 2491047                    /lib/x86_64-linux-gnu/ld-2.13.so
7fc669263000-7fc66926d000 rw-p 00000000 00:00 0 
7fc66926d000-7fc669323000 rw-p 00000000 00:00 0 
7fc669323000-7fc669326000 ---p 00000000 00:00 0 
7fc669326000-7fc669429000 rw-p 00000000 00:00 0 
7fc669435000-7fc669436000 rw-p 00000000 00:00 0 
7fc669436000-7fc66943e000 rw-s 00000000 08:01 919062                     /tmp/hsperfdata_lifenjoy51/5612
7fc66943e000-7fc66943f000 rw-p 00000000 00:00 0 
7fc66943f000-7fc669440000 r--p 00000000 00:00 0 
7fc669440000-7fc669442000 rw-p 00000000 00:00 0 
7fc669442000-7fc669443000 r--p 0001f000 08:01 2491047                    /lib/x86_64-linux-gnu/ld-2.13.so
7fc669443000-7fc669444000 rw-p 00020000 08:01 2491047                    /lib/x86_64-linux-gnu/ld-2.13.so
7fc669444000-7fc669445000 rw-p 00000000 00:00 0 
7ffffbc7c000-7ffffbc9d000 rw-p 00000000 00:00 0                          [stack]
7ffffbd36000-7ffffbd37000 r-xp 00000000 00:00 0                          [vdso]
ffffffffff600000-ffffffffff601000 r-xp 00000000 00:00 0                  [vsyscall]

VM Arguments:
jvm_args: -Dfile.encoding=UTF-8 -Xbootclasspath:/home/lifenjoy51/Downloads/adt-bundle-linux-x86_64-20140321/sdk/platforms/android-19/android.jar 
java_command: com.nexters.godofmemo.object.Color
Launcher Type: SUN_STANDARD

Environment Variables:
PATH=/usr/local/bin:/usr/bin:/bin:/usr/local/games:/usr/games
USERNAME=lifenjoy51
LD_LIBRARY_PATH=/usr/lib/jvm/java-6-openjdk-amd64/jre/lib/amd64/server:/usr/lib/jvm/java-6-openjdk-amd64/jre/lib/amd64:/usr/lib/jvm/java-6-openjdk-amd64/jre/../lib/amd64
SHELL=/bin/bash
DISPLAY=:0.0

Signal Handlers:
SIGSEGV: [libjvm.so+0x84e640], sa_mask[0]=0x7ffbfeff, sa_flags=0x10000004
SIGBUS: [libjvm.so+0x84e640], sa_mask[0]=0x7ffbfeff, sa_flags=0x10000004
SIGFPE: [libjvm.so+0x6f1a20], sa_mask[0]=0x7ffbfeff, sa_flags=0x10000004
SIGPIPE: [libjvm.so+0x6f1a20], sa_mask[0]=0x7ffbfeff, sa_flags=0x10000004
SIGXFSZ: [libjvm.so+0x6f1a20], sa_mask[0]=0x7ffbfeff, sa_flags=0x10000004
SIGILL: [libjvm.so+0x6f1a20], sa_mask[0]=0x7ffbfeff, sa_flags=0x10000004
SIGUSR1: SIG_DFL, sa_mask[0]=0x00000000, sa_flags=0x00000000
SIGUSR2: [libjvm.so+0x6f1dd0], sa_mask[0]=0x00000004, sa_flags=0x10000004
SIGHUP: SIG_DFL, sa_mask[0]=0x00000000, sa_flags=0x00000000
SIGINT: SIG_DFL, sa_mask[0]=0x00000000, sa_flags=0x00000000
SIGTERM: SIG_DFL, sa_mask[0]=0x00000000, sa_flags=0x00000000
SIGQUIT: SIG_DFL, sa_mask[0]=0x00000000, sa_flags=0x00000000


---------------  S Y S T E M  ---------------

OS:7.5

uname:Linux 3.2.0-4-amd64 #1 SMP Debian 3.2.57-3 x86_64
libc:glibc 2.13 NPTL 2.13 
rlimit: STACK 8192k, CORE 0k, NPROC 23955, NOFILE 4096, AS infinity
load average:0.34 0.24 0.24

/proc/meminfo:
MemTotal:        3078728 kB
MemFree:          375748 kB
Buffers:           87440 kB
Cached:           898008 kB
SwapCached:            0 kB
Active:          1810896 kB
Inactive:         669428 kB
Active(anon):    1495884 kB
Inactive(anon):     3208 kB
Active(file):     315012 kB
Inactive(file):   666220 kB
Unevictable:          40 kB
Mlocked:              40 kB
SwapTotal:       2579452 kB
SwapFree:        2579452 kB
Dirty:               228 kB
Writeback:             0 kB
AnonPages:       1495316 kB
Mapped:           247504 kB
Shmem:              4048 kB
Slab:              92084 kB
SReclaimable:      64568 kB
SUnreclaim:        27516 kB
KernelStack:        3328 kB
PageTables:        26972 kB
NFS_Unstable:          0 kB
Bounce:                0 kB
WritebackTmp:          0 kB
CommitLimit:     4118816 kB
Committed_AS:    3700628 kB
VmallocTotal:   34359738367 kB
VmallocUsed:       93560 kB
VmallocChunk:   34359635692 kB
HardwareCorrupted:     0 kB
AnonHugePages:         0 kB
HugePages_Total:       0
HugePages_Free:        0
HugePages_Rsvd:        0
HugePages_Surp:        0
Hugepagesize:       2048 kB
DirectMap4k:      155328 kB
DirectMap2M:     2973696 kB


CPU:total 2 (2 cores per cpu, 1 threads per core) family 6 model 23 stepping 6, cmov, cx8, fxsr, mmx, sse, sse2, sse3, ssse3, sse4.1, tsc

/proc/cpuinfo:
processor	: 0
vendor_id	: GenuineIntel
cpu family	: 6
model		: 23
model name	: Intel(R) Core(TM)2 Duo CPU     T9300  @ 2.50GHz
stepping	: 6
microcode	: 0x60c
cpu MHz		: 2501.000
cache size	: 6144 KB
physical id	: 0
siblings	: 2
core id		: 0
cpu cores	: 2
apicid		: 0
initial apicid	: 0
fpu		: yes
fpu_exception	: yes
cpuid level	: 10
wp		: yes
flags		: fpu vme de pse tsc msr pae mce cx8 apic sep mtrr pge mca cmov pat pse36 clflush dts acpi mmx fxsr sse sse2 ss ht tm pbe syscall nx lm constant_tsc arch_perfmon pebs bts rep_good nopl aperfmperf pni dtes64 monitor ds_cpl vmx est tm2 ssse3 cx16 xtpr pdcm sse4_1 lahf_lm ida dtherm tpr_shadow vnmi flexpriority
bogomips	: 4987.36
clflush size	: 64
cache_alignment	: 64
address sizes	: 36 bits physical, 48 bits virtual
power management:

processor	: 1
vendor_id	: GenuineIntel
cpu family	: 6
model		: 23
model name	: Intel(R) Core(TM)2 Duo CPU     T9300  @ 2.50GHz
stepping	: 6
microcode	: 0x60c
cpu MHz		: 2501.000
cache size	: 6144 KB
physical id	: 0
siblings	: 2
core id		: 1
cpu cores	: 2
apicid		: 1
initial apicid	: 1
fpu		: yes
fpu_exception	: yes
cpuid level	: 10
wp		: yes
flags		: fpu vme de pse tsc msr pae mce cx8 apic sep mtrr pge mca cmov pat pse36 clflush dts acpi mmx fxsr sse sse2 ss ht tm pbe syscall nx lm constant_tsc arch_perfmon pebs bts rep_good nopl aperfmperf pni dtes64 monitor ds_cpl vmx est tm2 ssse3 cx16 xtpr pdcm sse4_1 lahf_lm ida dtherm tpr_shadow vnmi flexpriority
bogomips	: 4987.42
clflush size	: 64
cache_alignment	: 64
address sizes	: 36 bits physical, 48 bits virtual
power management:



Memory: 4k page, physical 3078728k(375748k free), swap 2579452k(2579452k free)

vm_info: OpenJDK 64-Bit Server VM (23.25-b01) for linux-amd64 JRE (1.6.0_31-b31), built on Apr 24 2014 11:42:30 by "buildd" with gcc 4.7.2

time: Sun Jul  6 16:05:11 2014
elapsed time: 0 seconds

