#
# A fatal error has been detected by the Java Runtime Environment:
#
#  Internal Error (javaClasses.cpp:129), pid=4892, tid=140489478870784
#  fatal error: Invalid layout of preloaded class
#
# JRE version: 6.0_31-b31
# Java VM: OpenJDK 64-Bit Server VM (23.25-b01 mixed mode linux-amd64 compressed oops)
# Failed to write core dump. Core dumps have been disabled. To enable core dumping, try "ulimit -c unlimited" before starting Java again
#
# If you would like to submit a bug report, please include
# instructions how to reproduce the bug and visit:
#   http://icedtea.classpath.org/bugzilla
#

---------------  T H R E A D  ---------------

Current thread (0x0000000001231800):  JavaThread "Unknown thread" [_thread_in_vm, id=4893, stack(0x00007fc6416b9000,0x00007fc6417ba000)]

Stack: [0x00007fc6416b9000,0x00007fc6417ba000],  sp=0x00007fc6417b8a00,  free space=1022k
Native frames: (J=compiled Java code, j=interpreted, Vv=VM code, C=native code)
V  [libjvm.so+0x84db6b]  VMError::report_and_die()+0x16b
V  [libjvm.so+0x3ebd87]  report_fatal(char const*, int, char const*)+0x57
V  [libjvm.so+0x527a0a]  compute_offset(int&, klassOopDesc*, Symbol*, Symbol*, bool) [clone .constprop.123]+0x11a
V  [libjvm.so+0x527c76]  java_lang_String::compute_offsets()+0x36
V  [libjvm.so+0x7db63d]  SystemDictionary::initialize_preloaded_classes(Thread*)+0x3d
V  [libjvm.so+0x827638]  Universe::genesis(Thread*)+0x468
V  [libjvm.so+0x827aef]  universe2_init()+0x1f
V  [libjvm.so+0x4dca9a]  init_globals()+0x9a
V  [libjvm.so+0x80b90c]  Threads::create_vm(JavaVMInitArgs*, bool*)+0x39c
V  [libjvm.so+0x5443a8]  JNI_CreateJavaVM+0x58
C  [java+0x351d]  JavaMain+0x7d


---------------  P R O C E S S  ---------------

Java Threads: ( => current thread )

Other Threads:

=>0x0000000001231800 (exited) JavaThread "Unknown thread" [_thread_in_vm, id=4893, stack(0x00007fc6416b9000,0x00007fc6417ba000)]

VM state:not at safepoint (not fully initialized)

VM Mutex/Monitor currently owned by a thread: None

GC Heap History (0 events):
No events

Deoptimization events (0 events):
No events

Internal exceptions (0 events):
No events

Events (10 events):
Event: 0.007 loading class 0x000000000124f8e0 done
Event: 0.007 loading class 0x000000000124f180 done
Event: 0.007 loading class 0x000000000124f150
Event: 0.007 loading class 0x00000000012975d0
Event: 0.007 loading class 0x00000000012975d0 done
Event: 0.007 loading class 0x0000000001297610
Event: 0.008 loading class 0x0000000001297610 done
Event: 0.008 loading class 0x0000000001297650
Event: 0.008 loading class 0x0000000001297650 done
Event: 0.008 loading class 0x000000000124f150 done


Dynamic libraries:
00400000-00409000 r-xp 00000000 08:01 1053779                            /usr/lib/jvm/java-6-openjdk-amd64/jre/bin/java
00608000-00609000 rw-p 00008000 08:01 1053779                            /usr/lib/jvm/java-6-openjdk-amd64/jre/bin/java
01225000-012a2000 rw-p 00000000 00:00 0                                  [heap]
c6a00000-c7ec0000 rw-p 00000000 00:00 0 
c7ec0000-d1000000 rw-p 00000000 00:00 0 
d1000000-d2f60000 rw-p 00000000 00:00 0 
d2f60000-f0560000 rw-p 00000000 00:00 0 
f0560000-f1500000 rw-p 00000000 00:00 0 
f1500000-100000000 rw-p 00000000 00:00 0 
7fc63890d000-7fc638b1a000 rw-p 00000000 00:00 0 
7fc638b1a000-7fc638bf1000 r--s 013fe000 08:01 795465                     /home/lifenjoy51/Downloads/adt-bundle-linux-x86_64-20140321/sdk/platforms/android-19/android.jar
7fc638bf1000-7fc63aff5000 rw-p 00000000 00:00 0 
7fc63aff5000-7fc63aff6000 ---p 00000000 00:00 0 
7fc63aff6000-7fc63b0f6000 rw-p 00000000 00:00 0 
7fc63b0f6000-7fc63b0f7000 ---p 00000000 00:00 0 
7fc63b0f7000-7fc63b202000 rw-p 00000000 00:00 0 
7fc63b202000-7fc63b24a000 rw-p 00000000 00:00 0 
7fc63b24a000-7fc63b25a000 rw-p 00000000 00:00 0 
7fc63b25a000-7fc63b345000 rw-p 00000000 00:00 0 
7fc63b345000-7fc63b350000 rw-p 00000000 00:00 0 
7fc63b350000-7fc63b398000 rw-p 00000000 00:00 0 
7fc63b398000-7fc63b3a8000 rw-p 00000000 00:00 0 
7fc63b3a8000-7fc63b492000 rw-p 00000000 00:00 0 
7fc63b492000-7fc63b49b000 rw-p 00000000 00:00 0 
7fc63b49b000-7fc63b510000 rw-p 00000000 00:00 0 
7fc63b510000-7fc63b511000 rw-p 00000000 00:00 0 
7fc63b511000-7fc63b781000 rwxp 00000000 00:00 0 
7fc63b781000-7fc63e511000 rw-p 00000000 00:00 0 
7fc63e511000-7fc63e518000 r-xp 00000000 08:01 1057700                    /usr/lib/jvm/java-6-openjdk-amd64/jre/lib/amd64/libzip.so
7fc63e518000-7fc63e717000 ---p 00007000 08:01 1057700                    /usr/lib/jvm/java-6-openjdk-amd64/jre/lib/amd64/libzip.so
7fc63e717000-7fc63e718000 rw-p 00006000 08:01 1057700                    /usr/lib/jvm/java-6-openjdk-amd64/jre/lib/amd64/libzip.so
7fc63e718000-7fc63e723000 r-xp 00000000 08:01 2491141                    /lib/x86_64-linux-gnu/libnss_files-2.13.so
7fc63e723000-7fc63e922000 ---p 0000b000 08:01 2491141                    /lib/x86_64-linux-gnu/libnss_files-2.13.so
7fc63e922000-7fc63e923000 r--p 0000a000 08:01 2491141                    /lib/x86_64-linux-gnu/libnss_files-2.13.so
7fc63e923000-7fc63e924000 rw-p 0000b000 08:01 2491141                    /lib/x86_64-linux-gnu/libnss_files-2.13.so
7fc63e924000-7fc63e92e000 r-xp 00000000 08:01 2491145                    /lib/x86_64-linux-gnu/libnss_nis-2.13.so
7fc63e92e000-7fc63eb2d000 ---p 0000a000 08:01 2491145                    /lib/x86_64-linux-gnu/libnss_nis-2.13.so
7fc63eb2d000-7fc63eb2e000 r--p 00009000 08:01 2491145                    /lib/x86_64-linux-gnu/libnss_nis-2.13.so
7fc63eb2e000-7fc63eb2f000 rw-p 0000a000 08:01 2491145                    /lib/x86_64-linux-gnu/libnss_nis-2.13.so
7fc63eb2f000-7fc63eb36000 r-xp 00000000 08:01 2491137                    /lib/x86_64-linux-gnu/libnss_compat-2.13.so
7fc63eb36000-7fc63ed35000 ---p 00007000 08:01 2491137                    /lib/x86_64-linux-gnu/libnss_compat-2.13.so
7fc63ed35000-7fc63ed36000 r--p 00006000 08:01 2491137                    /lib/x86_64-linux-gnu/libnss_compat-2.13.so
7fc63ed36000-7fc63ed37000 rw-p 00007000 08:01 2491137                    /lib/x86_64-linux-gnu/libnss_compat-2.13.so
7fc63ed37000-7fc63ed4c000 r-xp 00000000 08:01 2491135                    /lib/x86_64-linux-gnu/libnsl-2.13.so
7fc63ed4c000-7fc63ef4b000 ---p 00015000 08:01 2491135                    /lib/x86_64-linux-gnu/libnsl-2.13.so
7fc63ef4b000-7fc63ef4c000 r--p 00014000 08:01 2491135                    /lib/x86_64-linux-gnu/libnsl-2.13.so
7fc63ef4c000-7fc63ef4d000 rw-p 00015000 08:01 2491135                    /lib/x86_64-linux-gnu/libnsl-2.13.so
7fc63ef4d000-7fc63ef4f000 rw-p 00000000 00:00 0 
7fc63ef4f000-7fc63ef7d000 r-xp 00000000 08:01 1057706                    /usr/lib/jvm/java-6-openjdk-amd64/jre/lib/amd64/libjava.so
7fc63ef7d000-7fc63f17c000 ---p 0002e000 08:01 1057706                    /usr/lib/jvm/java-6-openjdk-amd64/jre/lib/amd64/libjava.so
7fc63f17c000-7fc63f180000 rw-p 0002d000 08:01 1057706                    /usr/lib/jvm/java-6-openjdk-amd64/jre/lib/amd64/libjava.so
7fc63f180000-7fc63f18f000 r-xp 00000000 08:01 1057707                    /usr/lib/jvm/java-6-openjdk-amd64/jre/lib/amd64/libverify.so
7fc63f18f000-7fc63f38e000 ---p 0000f000 08:01 1057707                    /usr/lib/jvm/java-6-openjdk-amd64/jre/lib/amd64/libverify.so
7fc63f38e000-7fc63f390000 rw-p 0000e000 08:01 1057707                    /usr/lib/jvm/java-6-openjdk-amd64/jre/lib/amd64/libverify.so
7fc63f390000-7fc63f397000 r-xp 00000000 08:01 2491178                    /lib/x86_64-linux-gnu/librt-2.13.so
7fc63f397000-7fc63f596000 ---p 00007000 08:01 2491178                    /lib/x86_64-linux-gnu/librt-2.13.so
7fc63f596000-7fc63f597000 r--p 00006000 08:01 2491178                    /lib/x86_64-linux-gnu/librt-2.13.so
7fc63f597000-7fc63f598000 rw-p 00007000 08:01 2491178                    /lib/x86_64-linux-gnu/librt-2.13.so
7fc63f598000-7fc63f5ad000 r-xp 00000000 08:01 2491093                    /lib/x86_64-linux-gnu/libgcc_s.so.1
7fc63f5ad000-7fc63f7ad000 ---p 00015000 08:01 2491093                    /lib/x86_64-linux-gnu/libgcc_s.so.1
7fc63f7ad000-7fc63f7ae000 rw-p 00015000 08:01 2491093                    /lib/x86_64-linux-gnu/libgcc_s.so.1
7fc63f7ae000-7fc63f82f000 r-xp 00000000 08:01 2491116                    /lib/x86_64-linux-gnu/libm-2.13.so
7fc63f82f000-7fc63fa2e000 ---p 00081000 08:01 2491116                    /lib/x86_64-linux-gnu/libm-2.13.so
7fc63fa2e000-7fc63fa2f000 r--p 00080000 08:01 2491116                    /lib/x86_64-linux-gnu/libm-2.13.so
7fc63fa2f000-7fc63fa30000 rw-p 00081000 08:01 2491116                    /lib/x86_64-linux-gnu/libm-2.13.so
7fc63fa30000-7fc63fb18000 r-xp 00000000 08:01 1316635                    /usr/lib/x86_64-linux-gnu/libstdc++.so.6.0.17
7fc63fb18000-7fc63fd18000 ---p 000e8000 08:01 1316635                    /usr/lib/x86_64-linux-gnu/libstdc++.so.6.0.17
7fc63fd18000-7fc63fd20000 r--p 000e8000 08:01 1316635                    /usr/lib/x86_64-linux-gnu/libstdc++.so.6.0.17
7fc63fd20000-7fc63fd22000 rw-p 000f0000 08:01 1316635                    /usr/lib/x86_64-linux-gnu/libstdc++.so.6.0.17
7fc63fd22000-7fc63fd37000 rw-p 00000000 00:00 0 
7fc63fd37000-7fc640728000 r-xp 00000000 08:01 1057696                    /usr/lib/jvm/java-6-openjdk-amd64/jre/lib/amd64/server/libjvm.so
7fc640728000-7fc640927000 ---p 009f1000 08:01 1057696                    /usr/lib/jvm/java-6-openjdk-amd64/jre/lib/amd64/server/libjvm.so
7fc640927000-7fc6409c8000 rw-p 009f0000 08:01 1057696                    /usr/lib/jvm/java-6-openjdk-amd64/jre/lib/amd64/server/libjvm.so
7fc6409c8000-7fc6409f3000 rw-p 00000000 00:00 0 
7fc6409f3000-7fc640b75000 r-xp 00000000 08:01 2491069                    /lib/x86_64-linux-gnu/libc-2.13.so
7fc640b75000-7fc640d74000 ---p 00182000 08:01 2491069                    /lib/x86_64-linux-gnu/libc-2.13.so
7fc640d74000-7fc640d78000 r--p 00181000 08:01 2491069                    /lib/x86_64-linux-gnu/libc-2.13.so
7fc640d78000-7fc640d79000 rw-p 00185000 08:01 2491069                    /lib/x86_64-linux-gnu/libc-2.13.so
7fc640d79000-7fc640d7e000 rw-p 00000000 00:00 0 
7fc640d7e000-7fc640d80000 r-xp 00000000 08:01 2491083                    /lib/x86_64-linux-gnu/libdl-2.13.so
7fc640d80000-7fc640f80000 ---p 00002000 08:01 2491083                    /lib/x86_64-linux-gnu/libdl-2.13.so
7fc640f80000-7fc640f81000 r--p 00002000 08:01 2491083                    /lib/x86_64-linux-gnu/libdl-2.13.so
7fc640f81000-7fc640f82000 rw-p 00003000 08:01 2491083                    /lib/x86_64-linux-gnu/libdl-2.13.so
7fc640f82000-7fc640f86000 r-xp 00000000 08:01 1057698                    /usr/lib/jvm/java-6-openjdk-amd64/jre/lib/amd64/jli/libjli.so
7fc640f86000-7fc641185000 ---p 00004000 08:01 1057698                    /usr/lib/jvm/java-6-openjdk-amd64/jre/lib/amd64/jli/libjli.so
7fc641185000-7fc641186000 rw-p 00003000 08:01 1057698                    /usr/lib/jvm/java-6-openjdk-amd64/jre/lib/amd64/jli/libjli.so
7fc641186000-7fc64119d000 r-xp 00000000 08:01 2491170                    /lib/x86_64-linux-gnu/libpthread-2.13.so
7fc64119d000-7fc64139c000 ---p 00017000 08:01 2491170                    /lib/x86_64-linux-gnu/libpthread-2.13.so
7fc64139c000-7fc64139d000 r--p 00016000 08:01 2491170                    /lib/x86_64-linux-gnu/libpthread-2.13.so
7fc64139d000-7fc64139e000 rw-p 00017000 08:01 2491170                    /lib/x86_64-linux-gnu/libpthread-2.13.so
7fc64139e000-7fc6413a2000 rw-p 00000000 00:00 0 
7fc6413a2000-7fc6413b8000 r-xp 00000000 08:01 2491212                    /lib/x86_64-linux-gnu/libz.so.1.2.7
7fc6413b8000-7fc6415b7000 ---p 00016000 08:01 2491212                    /lib/x86_64-linux-gnu/libz.so.1.2.7
7fc6415b7000-7fc6415b8000 r--p 00015000 08:01 2491212                    /lib/x86_64-linux-gnu/libz.so.1.2.7
7fc6415b8000-7fc6415b9000 rw-p 00016000 08:01 2491212                    /lib/x86_64-linux-gnu/libz.so.1.2.7
7fc6415b9000-7fc6415d9000 r-xp 00000000 08:01 2491047                    /lib/x86_64-linux-gnu/ld-2.13.so
7fc6415f9000-7fc641603000 rw-p 00000000 00:00 0 
7fc641603000-7fc6416b9000 rw-p 00000000 00:00 0 
7fc6416b9000-7fc6416bc000 ---p 00000000 00:00 0 
7fc6416bc000-7fc6417bf000 rw-p 00000000 00:00 0 
7fc6417cb000-7fc6417cc000 rw-p 00000000 00:00 0 
7fc6417cc000-7fc6417d4000 rw-s 00000000 08:01 920803                     /tmp/hsperfdata_lifenjoy51/4892
7fc6417d4000-7fc6417d5000 rw-p 00000000 00:00 0 
7fc6417d5000-7fc6417d6000 r--p 00000000 00:00 0 
7fc6417d6000-7fc6417d8000 rw-p 00000000 00:00 0 
7fc6417d8000-7fc6417d9000 r--p 0001f000 08:01 2491047                    /lib/x86_64-linux-gnu/ld-2.13.so
7fc6417d9000-7fc6417da000 rw-p 00020000 08:01 2491047                    /lib/x86_64-linux-gnu/ld-2.13.so
7fc6417da000-7fc6417db000 rw-p 00000000 00:00 0 
7fff3cd6f000-7fff3cd90000 rw-p 00000000 00:00 0                          [stack]
7fff3cdff000-7fff3ce00000 r-xp 00000000 00:00 0                          [vdso]
ffffffffff600000-ffffffffff601000 r-xp 00000000 00:00 0                  [vsyscall]

VM Arguments:
jvm_args: -Dfile.encoding=UTF-8 -Xbootclasspath:/home/lifenjoy51/Downloads/adt-bundle-linux-x86_64-20140321/sdk/platforms/android-19/android.jar 
java_command: com.nexters.godofmemo.object.Color
Launcher Type: SUN_STANDARD

Environment Variables:
PATH=/usr/local/bin:/usr/bin:/bin:/usr/local/games:/usr/games
USERNAME=lifenjoy51
LD_LIBRARY_PATH=/usr/lib/jvm/java-6-openjdk-amd64/jre/lib/amd64/server:/usr/lib/jvm/java-6-openjdk-amd64/jre/lib/amd64:/usr/lib/jvm/java-6-openjdk-amd64/jre/../lib/amd64
SHELL=/bin/bash
DISPLAY=:0.0

Signal Handlers:
SIGSEGV: [libjvm.so+0x84e640], sa_mask[0]=0x7ffbfeff, sa_flags=0x10000004
SIGBUS: [libjvm.so+0x84e640], sa_mask[0]=0x7ffbfeff, sa_flags=0x10000004
SIGFPE: [libjvm.so+0x6f1a20], sa_mask[0]=0x7ffbfeff, sa_flags=0x10000004
SIGPIPE: [libjvm.so+0x6f1a20], sa_mask[0]=0x7ffbfeff, sa_flags=0x10000004
SIGXFSZ: [libjvm.so+0x6f1a20], sa_mask[0]=0x7ffbfeff, sa_flags=0x10000004
SIGILL: [libjvm.so+0x6f1a20], sa_mask[0]=0x7ffbfeff, sa_flags=0x10000004
SIGUSR1: SIG_DFL, sa_mask[0]=0x00000000, sa_flags=0x00000000
SIGUSR2: [libjvm.so+0x6f1dd0], sa_mask[0]=0x00000004, sa_flags=0x10000004
SIGHUP: SIG_DFL, sa_mask[0]=0x00000000, sa_flags=0x00000000
SIGINT: SIG_DFL, sa_mask[0]=0x00000000, sa_flags=0x00000000
SIGTERM: SIG_DFL, sa_mask[0]=0x00000000, sa_flags=0x00000000
SIGQUIT: SIG_DFL, sa_mask[0]=0x00000000, sa_flags=0x00000000


---------------  S Y S T E M  ---------------

OS:7.5

uname:Linux 3.2.0-4-amd64 #1 SMP Debian 3.2.57-3 x86_64
libc:glibc 2.13 NPTL 2.13 
rlimit: STACK 8192k, CORE 0k, NPROC 23955, NOFILE 4096, AS infinity
load average:0.19 0.41 0.39

/proc/meminfo:
MemTotal:        3078728 kB
MemFree:          557100 kB
Buffers:           48128 kB
Cached:           750000 kB
SwapCached:            0 kB
Active:          1819960 kB
Inactive:         502316 kB
Active(anon):    1524968 kB
Inactive(anon):     4656 kB
Active(file):     294992 kB
Inactive(file):   497660 kB
Unevictable:          40 kB
Mlocked:              40 kB
SwapTotal:       2579452 kB
SwapFree:        2579452 kB
Dirty:               132 kB
Writeback:             0 kB
AnonPages:       1524388 kB
Mapped:           181588 kB
Shmem:              5312 kB
Slab:              68688 kB
SReclaimable:      41796 kB
SUnreclaim:        26892 kB
KernelStack:        3392 kB
PageTables:        25812 kB
NFS_Unstable:          0 kB
Bounce:                0 kB
WritebackTmp:          0 kB
CommitLimit:     4118816 kB
Committed_AS:    3449980 kB
VmallocTotal:   34359738367 kB
VmallocUsed:       93600 kB
VmallocChunk:   34359631888 kB
HardwareCorrupted:     0 kB
AnonHugePages:         0 kB
HugePages_Total:       0
HugePages_Free:        0
HugePages_Rsvd:        0
HugePages_Surp:        0
Hugepagesize:       2048 kB
DirectMap4k:      153280 kB
DirectMap2M:     2975744 kB


CPU:total 2 (2 cores per cpu, 1 threads per core) family 6 model 23 stepping 6, cmov, cx8, fxsr, mmx, sse, sse2, sse3, ssse3, sse4.1, tsc

/proc/cpuinfo:
processor	: 0
vendor_id	: GenuineIntel
cpu family	: 6
model		: 23
model name	: Intel(R) Core(TM)2 Duo CPU     T9300  @ 2.50GHz
stepping	: 6
microcode	: 0x60c
cpu MHz		: 2500.000
cache size	: 6144 KB
physical id	: 0
siblings	: 2
core id		: 0
cpu cores	: 2
apicid		: 0
initial apicid	: 0
fpu		: yes
fpu_exception	: yes
cpuid level	: 10
wp		: yes
flags		: fpu vme de pse tsc msr pae mce cx8 apic sep mtrr pge mca cmov pat pse36 clflush dts acpi mmx fxsr sse sse2 ss ht tm pbe syscall nx lm constant_tsc arch_perfmon pebs bts rep_good nopl aperfmperf pni dtes64 monitor ds_cpl vmx est tm2 ssse3 cx16 xtpr pdcm sse4_1 lahf_lm ida dtherm tpr_shadow vnmi flexpriority
bogomips	: 4987.72
clflush size	: 64
cache_alignment	: 64
address sizes	: 36 bits physical, 48 bits virtual
power management:

processor	: 1
vendor_id	: GenuineIntel
cpu family	: 6
model		: 23
model name	: Intel(R) Core(TM)2 Duo CPU     T9300  @ 2.50GHz
stepping	: 6
microcode	: 0x60c
cpu MHz		: 2501.000
cache size	: 6144 KB
physical id	: 0
siblings	: 2
core id		: 1
cpu cores	: 2
apicid		: 1
initial apicid	: 1
fpu		: yes
fpu_exception	: yes
cpuid level	: 10
wp		: yes
flags		: fpu vme de pse tsc msr pae mce cx8 apic sep mtrr pge mca cmov pat pse36 clflush dts acpi mmx fxsr sse sse2 ss ht tm pbe syscall nx lm constant_tsc arch_perfmon pebs bts rep_good nopl aperfmperf pni dtes64 monitor ds_cpl vmx est tm2 ssse3 cx16 xtpr pdcm sse4_1 lahf_lm ida dtherm tpr_shadow vnmi flexpriority
bogomips	: 4987.44
clflush size	: 64
cache_alignment	: 64
address sizes	: 36 bits physical, 48 bits virtual
power management:



Memory: 4k page, physical 3078728k(557100k free), swap 2579452k(2579452k free)

vm_info: OpenJDK 64-Bit Server VM (23.25-b01) for linux-amd64 JRE (1.6.0_31-b31), built on Apr 24 2014 11:42:30 by "buildd" with gcc 4.7.2

time: Sun Jun 15 15:33:28 2014
elapsed time: 0 seconds

